{
  "stats": {
    "suites": 6,
    "tests": 32,
    "passes": 32,
    "pending": 0,
    "failures": 0,
    "start": "2017-03-07T10:46:57.961Z",
    "end": "2017-03-07T10:46:57.977Z",
    "duration": 16,
    "testsRegistered": 32,
    "passPercent": 100,
    "pendingPercent": 0,
    "other": 0,
    "hasOther": false,
    "skipped": 0,
    "hasSkipped": false,
    "passPercentClass": "success",
    "pendingPercentClass": "danger"
  },
  "suites": {
    "title": "",
    "suites": [
      {
        "title": "简单测试",
        "suites": [],
        "tests": [
          {
            "title": "加法",
            "fullTitle": "简单测试 加法",
            "timedOut": false,
            "duration": 0,
            "state": "passed",
            "speed": "fast",
            "pass": true,
            "fail": false,
            "pending": false,
            "code": "equal(ca('1+2'), 3);",
            "err": {},
            "isRoot": false,
            "uuid": "c5b44266-d6a2-467d-8097-5212146e4e35",
            "parentUUID": "427612f3-baaa-4d3a-9161-f15bc1d48b39",
            "skipped": false
          },
          {
            "title": "减法",
            "fullTitle": "简单测试 减法",
            "timedOut": false,
            "duration": 0,
            "state": "passed",
            "speed": "fast",
            "pass": true,
            "fail": false,
            "pending": false,
            "code": "equal(ca('1-2'), -1);",
            "err": {},
            "isRoot": false,
            "uuid": "26a36832-fd11-40ae-bd9f-709d3f1c4777",
            "parentUUID": "427612f3-baaa-4d3a-9161-f15bc1d48b39",
            "skipped": false
          },
          {
            "title": "乘法",
            "fullTitle": "简单测试 乘法",
            "timedOut": false,
            "duration": 0,
            "state": "passed",
            "speed": "fast",
            "pass": true,
            "fail": false,
            "pending": false,
            "code": "equal(ca('2*2'), 4);",
            "err": {},
            "isRoot": false,
            "uuid": "e5f41ba2-45f4-4553-88b5-a52079c50d1e",
            "parentUUID": "427612f3-baaa-4d3a-9161-f15bc1d48b39",
            "skipped": false
          },
          {
            "title": "除法",
            "fullTitle": "简单测试 除法",
            "timedOut": false,
            "duration": 0,
            "state": "passed",
            "speed": "fast",
            "pass": true,
            "fail": false,
            "pending": false,
            "code": "equal(ca('4/3'), +(4 / 3).toFixed(15));",
            "err": {},
            "isRoot": false,
            "uuid": "e915be3d-9269-4119-b4c2-ea9fc75ec178",
            "parentUUID": "427612f3-baaa-4d3a-9161-f15bc1d48b39",
            "skipped": false
          },
          {
            "title": "乘方",
            "fullTitle": "简单测试 乘方",
            "timedOut": false,
            "duration": 0,
            "state": "passed",
            "speed": "fast",
            "pass": true,
            "fail": false,
            "pending": false,
            "code": "equal(ca('2^3'), 8);",
            "err": {},
            "isRoot": false,
            "uuid": "cbf6e6e6-c3c7-4296-8988-2dfed3cbc433",
            "parentUUID": "427612f3-baaa-4d3a-9161-f15bc1d48b39",
            "skipped": false
          },
          {
            "title": "取余",
            "fullTitle": "简单测试 取余",
            "timedOut": false,
            "duration": 0,
            "state": "passed",
            "speed": "fast",
            "pass": true,
            "fail": false,
            "pending": false,
            "code": "equal(ca('3%2'), 1);",
            "err": {},
            "isRoot": false,
            "uuid": "09e1494d-bd1d-4348-8a39-372576404496",
            "parentUUID": "427612f3-baaa-4d3a-9161-f15bc1d48b39",
            "skipped": false
          },
          {
            "title": "绝对值运算",
            "fullTitle": "简单测试 绝对值运算",
            "timedOut": false,
            "duration": 0,
            "state": "passed",
            "speed": "fast",
            "pass": true,
            "fail": false,
            "pending": false,
            "code": "equal(ca('abs(-1)'), 1);",
            "err": {},
            "isRoot": false,
            "uuid": "47352b8a-756b-4d6c-a78d-2dba107c25cd",
            "parentUUID": "427612f3-baaa-4d3a-9161-f15bc1d48b39",
            "skipped": false
          },
          {
            "title": "均值运算",
            "fullTitle": "简单测试 均值运算",
            "timedOut": false,
            "duration": 0,
            "state": "passed",
            "speed": "fast",
            "pass": true,
            "fail": false,
            "pending": false,
            "code": "equal(ca('avg(1,2)'), 1.5);",
            "err": {},
            "isRoot": false,
            "uuid": "79666206-85fe-45b0-aa6a-c8e5053f0071",
            "parentUUID": "427612f3-baaa-4d3a-9161-f15bc1d48b39",
            "skipped": false
          },
          {
            "title": "正弦运算",
            "fullTitle": "简单测试 正弦运算",
            "timedOut": false,
            "duration": 0,
            "state": "passed",
            "speed": "fast",
            "pass": true,
            "fail": false,
            "pending": false,
            "code": "equal(ca('sin(30)'), 0.5);",
            "err": {},
            "isRoot": false,
            "uuid": "1bc0f6b3-a20f-4f4a-a993-c9b506dd0296",
            "parentUUID": "427612f3-baaa-4d3a-9161-f15bc1d48b39",
            "skipped": false
          },
          {
            "title": "余弦运算",
            "fullTitle": "简单测试 余弦运算",
            "timedOut": false,
            "duration": 0,
            "state": "passed",
            "speed": "fast",
            "pass": true,
            "fail": false,
            "pending": false,
            "code": "equal(ca('cos(60)'), 0.5);",
            "err": {},
            "isRoot": false,
            "uuid": "e60d56ac-f6a1-44d8-855d-f2ad20b04463",
            "parentUUID": "427612f3-baaa-4d3a-9161-f15bc1d48b39",
            "skipped": false
          },
          {
            "title": "正切运算",
            "fullTitle": "简单测试 正切运算",
            "timedOut": false,
            "duration": 0,
            "state": "passed",
            "speed": "fast",
            "pass": true,
            "fail": false,
            "pending": false,
            "code": "equal(ca('tan(45)'), 1);",
            "err": {},
            "isRoot": false,
            "uuid": "1616c313-285b-45f6-999b-af1adaedd835",
            "parentUUID": "427612f3-baaa-4d3a-9161-f15bc1d48b39",
            "skipped": false
          },
          {
            "title": "余切运算",
            "fullTitle": "简单测试 余切运算",
            "timedOut": false,
            "duration": 0,
            "state": "passed",
            "speed": "fast",
            "pass": true,
            "fail": false,
            "pending": false,
            "code": "equal(ca('cot(45)'), 1);",
            "err": {},
            "isRoot": false,
            "uuid": "8f6f310a-c061-44ad-8064-7b061fdceaea",
            "parentUUID": "427612f3-baaa-4d3a-9161-f15bc1d48b39",
            "skipped": false
          },
          {
            "title": "log底对数运算",
            "fullTitle": "简单测试 log底对数运算",
            "timedOut": false,
            "duration": 0,
            "state": "passed",
            "speed": "fast",
            "pass": true,
            "fail": false,
            "pending": false,
            "code": "equal(ca('log(100)'), 2);",
            "err": {},
            "isRoot": false,
            "uuid": "38771a51-e1fd-4075-8747-d816ecaffbb2",
            "parentUUID": "427612f3-baaa-4d3a-9161-f15bc1d48b39",
            "skipped": false
          },
          {
            "title": "ln自然对数",
            "fullTitle": "简单测试 ln自然对数",
            "timedOut": false,
            "duration": 0,
            "state": "passed",
            "speed": "fast",
            "pass": true,
            "fail": false,
            "pending": false,
            "code": "equal(ca('ln(100)'), Math.log(100));",
            "err": {},
            "isRoot": false,
            "uuid": "e4b51918-2e1d-4f76-8a8e-5314be2854e6",
            "parentUUID": "427612f3-baaa-4d3a-9161-f15bc1d48b39",
            "skipped": false
          },
          {
            "title": "e自然常量",
            "fullTitle": "简单测试 e自然常量",
            "timedOut": false,
            "duration": 0,
            "state": "passed",
            "speed": "fast",
            "pass": true,
            "fail": false,
            "pending": false,
            "code": "equal(ca('e'), Math.E);",
            "err": {},
            "isRoot": false,
            "uuid": "b3ffb03c-350e-4b91-8a06-788b3480933d",
            "parentUUID": "427612f3-baaa-4d3a-9161-f15bc1d48b39",
            "skipped": false
          },
          {
            "title": "π自然常量",
            "fullTitle": "简单测试 π自然常量",
            "timedOut": false,
            "duration": 0,
            "state": "passed",
            "speed": "fast",
            "pass": true,
            "fail": false,
            "pending": false,
            "code": "equal(ca('π'), Math.PI);",
            "err": {},
            "isRoot": false,
            "uuid": "a291ea1c-e550-4592-ac92-c0db4b900afb",
            "parentUUID": "427612f3-baaa-4d3a-9161-f15bc1d48b39",
            "skipped": false
          }
        ],
        "pending": [],
        "root": false,
        "_timeout": 2000,
        "file": "\\test\\main.test.js",
        "uuid": "427612f3-baaa-4d3a-9161-f15bc1d48b39",
        "fullFile": "F:\\300\\git\\IfeTask\\caculator\\caculator\\test\\main.test.js",
        "passes": [
          {
            "title": "加法",
            "fullTitle": "简单测试 加法",
            "timedOut": false,
            "duration": 0,
            "state": "passed",
            "speed": "fast",
            "pass": true,
            "fail": false,
            "pending": false,
            "code": "equal(ca('1+2'), 3);",
            "err": {},
            "isRoot": false,
            "uuid": "c5b44266-d6a2-467d-8097-5212146e4e35",
            "parentUUID": "427612f3-baaa-4d3a-9161-f15bc1d48b39",
            "skipped": false
          },
          {
            "title": "减法",
            "fullTitle": "简单测试 减法",
            "timedOut": false,
            "duration": 0,
            "state": "passed",
            "speed": "fast",
            "pass": true,
            "fail": false,
            "pending": false,
            "code": "equal(ca('1-2'), -1);",
            "err": {},
            "isRoot": false,
            "uuid": "26a36832-fd11-40ae-bd9f-709d3f1c4777",
            "parentUUID": "427612f3-baaa-4d3a-9161-f15bc1d48b39",
            "skipped": false
          },
          {
            "title": "乘法",
            "fullTitle": "简单测试 乘法",
            "timedOut": false,
            "duration": 0,
            "state": "passed",
            "speed": "fast",
            "pass": true,
            "fail": false,
            "pending": false,
            "code": "equal(ca('2*2'), 4);",
            "err": {},
            "isRoot": false,
            "uuid": "e5f41ba2-45f4-4553-88b5-a52079c50d1e",
            "parentUUID": "427612f3-baaa-4d3a-9161-f15bc1d48b39",
            "skipped": false
          },
          {
            "title": "除法",
            "fullTitle": "简单测试 除法",
            "timedOut": false,
            "duration": 0,
            "state": "passed",
            "speed": "fast",
            "pass": true,
            "fail": false,
            "pending": false,
            "code": "equal(ca('4/3'), +(4 / 3).toFixed(15));",
            "err": {},
            "isRoot": false,
            "uuid": "e915be3d-9269-4119-b4c2-ea9fc75ec178",
            "parentUUID": "427612f3-baaa-4d3a-9161-f15bc1d48b39",
            "skipped": false
          },
          {
            "title": "乘方",
            "fullTitle": "简单测试 乘方",
            "timedOut": false,
            "duration": 0,
            "state": "passed",
            "speed": "fast",
            "pass": true,
            "fail": false,
            "pending": false,
            "code": "equal(ca('2^3'), 8);",
            "err": {},
            "isRoot": false,
            "uuid": "cbf6e6e6-c3c7-4296-8988-2dfed3cbc433",
            "parentUUID": "427612f3-baaa-4d3a-9161-f15bc1d48b39",
            "skipped": false
          },
          {
            "title": "取余",
            "fullTitle": "简单测试 取余",
            "timedOut": false,
            "duration": 0,
            "state": "passed",
            "speed": "fast",
            "pass": true,
            "fail": false,
            "pending": false,
            "code": "equal(ca('3%2'), 1);",
            "err": {},
            "isRoot": false,
            "uuid": "09e1494d-bd1d-4348-8a39-372576404496",
            "parentUUID": "427612f3-baaa-4d3a-9161-f15bc1d48b39",
            "skipped": false
          },
          {
            "title": "绝对值运算",
            "fullTitle": "简单测试 绝对值运算",
            "timedOut": false,
            "duration": 0,
            "state": "passed",
            "speed": "fast",
            "pass": true,
            "fail": false,
            "pending": false,
            "code": "equal(ca('abs(-1)'), 1);",
            "err": {},
            "isRoot": false,
            "uuid": "47352b8a-756b-4d6c-a78d-2dba107c25cd",
            "parentUUID": "427612f3-baaa-4d3a-9161-f15bc1d48b39",
            "skipped": false
          },
          {
            "title": "均值运算",
            "fullTitle": "简单测试 均值运算",
            "timedOut": false,
            "duration": 0,
            "state": "passed",
            "speed": "fast",
            "pass": true,
            "fail": false,
            "pending": false,
            "code": "equal(ca('avg(1,2)'), 1.5);",
            "err": {},
            "isRoot": false,
            "uuid": "79666206-85fe-45b0-aa6a-c8e5053f0071",
            "parentUUID": "427612f3-baaa-4d3a-9161-f15bc1d48b39",
            "skipped": false
          },
          {
            "title": "正弦运算",
            "fullTitle": "简单测试 正弦运算",
            "timedOut": false,
            "duration": 0,
            "state": "passed",
            "speed": "fast",
            "pass": true,
            "fail": false,
            "pending": false,
            "code": "equal(ca('sin(30)'), 0.5);",
            "err": {},
            "isRoot": false,
            "uuid": "1bc0f6b3-a20f-4f4a-a993-c9b506dd0296",
            "parentUUID": "427612f3-baaa-4d3a-9161-f15bc1d48b39",
            "skipped": false
          },
          {
            "title": "余弦运算",
            "fullTitle": "简单测试 余弦运算",
            "timedOut": false,
            "duration": 0,
            "state": "passed",
            "speed": "fast",
            "pass": true,
            "fail": false,
            "pending": false,
            "code": "equal(ca('cos(60)'), 0.5);",
            "err": {},
            "isRoot": false,
            "uuid": "e60d56ac-f6a1-44d8-855d-f2ad20b04463",
            "parentUUID": "427612f3-baaa-4d3a-9161-f15bc1d48b39",
            "skipped": false
          },
          {
            "title": "正切运算",
            "fullTitle": "简单测试 正切运算",
            "timedOut": false,
            "duration": 0,
            "state": "passed",
            "speed": "fast",
            "pass": true,
            "fail": false,
            "pending": false,
            "code": "equal(ca('tan(45)'), 1);",
            "err": {},
            "isRoot": false,
            "uuid": "1616c313-285b-45f6-999b-af1adaedd835",
            "parentUUID": "427612f3-baaa-4d3a-9161-f15bc1d48b39",
            "skipped": false
          },
          {
            "title": "余切运算",
            "fullTitle": "简单测试 余切运算",
            "timedOut": false,
            "duration": 0,
            "state": "passed",
            "speed": "fast",
            "pass": true,
            "fail": false,
            "pending": false,
            "code": "equal(ca('cot(45)'), 1);",
            "err": {},
            "isRoot": false,
            "uuid": "8f6f310a-c061-44ad-8064-7b061fdceaea",
            "parentUUID": "427612f3-baaa-4d3a-9161-f15bc1d48b39",
            "skipped": false
          },
          {
            "title": "log底对数运算",
            "fullTitle": "简单测试 log底对数运算",
            "timedOut": false,
            "duration": 0,
            "state": "passed",
            "speed": "fast",
            "pass": true,
            "fail": false,
            "pending": false,
            "code": "equal(ca('log(100)'), 2);",
            "err": {},
            "isRoot": false,
            "uuid": "38771a51-e1fd-4075-8747-d816ecaffbb2",
            "parentUUID": "427612f3-baaa-4d3a-9161-f15bc1d48b39",
            "skipped": false
          },
          {
            "title": "ln自然对数",
            "fullTitle": "简单测试 ln自然对数",
            "timedOut": false,
            "duration": 0,
            "state": "passed",
            "speed": "fast",
            "pass": true,
            "fail": false,
            "pending": false,
            "code": "equal(ca('ln(100)'), Math.log(100));",
            "err": {},
            "isRoot": false,
            "uuid": "e4b51918-2e1d-4f76-8a8e-5314be2854e6",
            "parentUUID": "427612f3-baaa-4d3a-9161-f15bc1d48b39",
            "skipped": false
          },
          {
            "title": "e自然常量",
            "fullTitle": "简单测试 e自然常量",
            "timedOut": false,
            "duration": 0,
            "state": "passed",
            "speed": "fast",
            "pass": true,
            "fail": false,
            "pending": false,
            "code": "equal(ca('e'), Math.E);",
            "err": {},
            "isRoot": false,
            "uuid": "b3ffb03c-350e-4b91-8a06-788b3480933d",
            "parentUUID": "427612f3-baaa-4d3a-9161-f15bc1d48b39",
            "skipped": false
          },
          {
            "title": "π自然常量",
            "fullTitle": "简单测试 π自然常量",
            "timedOut": false,
            "duration": 0,
            "state": "passed",
            "speed": "fast",
            "pass": true,
            "fail": false,
            "pending": false,
            "code": "equal(ca('π'), Math.PI);",
            "err": {},
            "isRoot": false,
            "uuid": "a291ea1c-e550-4592-ac92-c0db4b900afb",
            "parentUUID": "427612f3-baaa-4d3a-9161-f15bc1d48b39",
            "skipped": false
          }
        ],
        "failures": [],
        "skipped": [],
        "hasTests": true,
        "hasSuites": false,
        "totalTests": 16,
        "totalPasses": 16,
        "totalFailures": 0,
        "totalPending": 0,
        "totalSkipped": 0,
        "hasPasses": true,
        "hasFailures": false,
        "hasPending": false,
        "hasSkipped": false,
        "duration": 0,
        "rootEmpty": false
      },
      {
        "title": "复合测试",
        "suites": [],
        "tests": [
          {
            "title": "int型加法运算",
            "fullTitle": "复合测试 int型加法运算",
            "timedOut": false,
            "duration": 16,
            "state": "passed",
            "speed": "fast",
            "pass": true,
            "fail": false,
            "pending": false,
            "code": "var num1, num2;\nfor (var i = 0; i < 10; i++) {\n\tnum1 = Math.random() * 1000 | 0;\n\tnum2 = Math.random() * 1000 | 0;\n\tequal(ca(' ' + num1 + ' + ' + num2 + ' '), +(num1 + num2).toFixed(15));\n}",
            "err": {},
            "isRoot": false,
            "uuid": "5388540e-eac2-4c55-9ccc-f2a4fe5a1312",
            "parentUUID": "1bd1e280-b0fe-4488-abd6-e8b941af6cb4",
            "skipped": false
          },
          {
            "title": "float型加法运算",
            "fullTitle": "复合测试 float型加法运算",
            "timedOut": false,
            "duration": 0,
            "state": "passed",
            "speed": "fast",
            "pass": true,
            "fail": false,
            "pending": false,
            "code": "var num1, num2;\nfor (var i = 0; i < 10; i++) {\n\tnum1 = Math.random();\n\tnum2 = Math.random();\n\tequal(ca(' ' + num1 + ' + ' + num2 + ' '), +(num1 + num2).toFixed(15));\n}",
            "err": {},
            "isRoot": false,
            "uuid": "3c803159-6c8a-4e19-bc58-9dcf23fd3fa7",
            "parentUUID": "1bd1e280-b0fe-4488-abd6-e8b941af6cb4",
            "skipped": false
          },
          {
            "title": "float型与int形混合加法运算",
            "fullTitle": "复合测试 float型与int形混合加法运算",
            "timedOut": false,
            "duration": 0,
            "state": "passed",
            "speed": "fast",
            "pass": true,
            "fail": false,
            "pending": false,
            "code": "var num1 = Math.random(),\n    num2 = Math.random() / Math.random() | 0;\nfor (var i = 0; i < 20; i++) {\n\tequal(ca(num1 + '+' + num2), +(num1 + num2).toFixed(15));\n}",
            "err": {},
            "isRoot": false,
            "uuid": "ea0f82cc-d291-4578-9e0e-b24fad3152ae",
            "parentUUID": "1bd1e280-b0fe-4488-abd6-e8b941af6cb4",
            "skipped": false
          },
          {
            "title": "连续整形加法运算",
            "fullTitle": "复合测试 连续整形加法运算",
            "timedOut": false,
            "duration": 0,
            "state": "passed",
            "speed": "fast",
            "pass": true,
            "fail": false,
            "pending": false,
            "code": "var arr;\nfor (var i = 0; i < 10; i++) {\n\tarr = new Array(Math.random() * 10 | 0).fill(Math.random());\n}",
            "err": {},
            "isRoot": false,
            "uuid": "e9e061f4-d3cd-4a94-ae40-9ef1fd668bdb",
            "parentUUID": "1bd1e280-b0fe-4488-abd6-e8b941af6cb4",
            "skipped": false
          },
          {
            "title": "加减乘除余综合运算",
            "fullTitle": "复合测试 加减乘除余综合运算",
            "timedOut": false,
            "duration": 0,
            "state": "passed",
            "speed": "fast",
            "pass": true,
            "fail": false,
            "pending": false,
            "code": "equal(ca('1+2*3-4/4'), 6);\nequal(ca('5*4-3+6*3%2'), 5 * 4 - 3 + 6 * 3 % 2);\nequal(ca('9.2*3%3-3*5*3-3-9+5/3'), 9.2 * 3 % 3 - 3 * 5 * 3 - 3 - 9 + 5 / 3);\nequal(ca('6*5/32*3-1*3+2*4%3'), 6 * 5 / 32 * 3 - 1 * 3 + 2 * 4 % 3);\nequal(ca('2.32*2.12/32.33+1'), +(2.32 * 2.12 / 32.33 + 1).toFixed(15));",
            "err": {},
            "isRoot": false,
            "uuid": "5070aad0-fddd-4bc7-8d82-70a0f1588b53",
            "parentUUID": "1bd1e280-b0fe-4488-abd6-e8b941af6cb4",
            "skipped": false
          },
          {
            "title": "加减乘除余幂综合运算",
            "fullTitle": "复合测试 加减乘除余幂综合运算",
            "timedOut": false,
            "duration": 0,
            "state": "passed",
            "speed": "fast",
            "pass": true,
            "fail": false,
            "pending": false,
            "code": "equal(ca('1^2+2*3-4/4'), 6);\nequal(ca('5*4-3+6*3%2^2'), 5 * 4 - 3 + 6 * 3 % Math.pow(2, 2));\nequal(ca('9.2*3%3-3*5*3^2-3-9+5/3'), 9.2 * 3 % 3 - 3 * 5 * Math.pow(3, 2) - 3 - 9 + 5 / 3);\nequal(ca('6*5/32*3-1^3*3+2*4%3'), 6 * 5 / 32 * 3 - 1 * 3 + 2 * 4 % 3);\nequal(ca('2.32^4*2.12/32.33+1'), +(Math.pow(2.32, 4) * 2.12 / 32.33 + 1).toFixed(15));",
            "err": {},
            "isRoot": false,
            "uuid": "d8022d62-6bd6-48c0-9586-ca77589bdb81",
            "parentUUID": "1bd1e280-b0fe-4488-abd6-e8b941af6cb4",
            "skipped": false
          }
        ],
        "pending": [],
        "root": false,
        "_timeout": 2000,
        "file": "\\test\\main.test.js",
        "uuid": "1bd1e280-b0fe-4488-abd6-e8b941af6cb4",
        "fullFile": "F:\\300\\git\\IfeTask\\caculator\\caculator\\test\\main.test.js",
        "passes": [
          {
            "title": "int型加法运算",
            "fullTitle": "复合测试 int型加法运算",
            "timedOut": false,
            "duration": 16,
            "state": "passed",
            "speed": "fast",
            "pass": true,
            "fail": false,
            "pending": false,
            "code": "var num1, num2;\nfor (var i = 0; i < 10; i++) {\n\tnum1 = Math.random() * 1000 | 0;\n\tnum2 = Math.random() * 1000 | 0;\n\tequal(ca(' ' + num1 + ' + ' + num2 + ' '), +(num1 + num2).toFixed(15));\n}",
            "err": {},
            "isRoot": false,
            "uuid": "5388540e-eac2-4c55-9ccc-f2a4fe5a1312",
            "parentUUID": "1bd1e280-b0fe-4488-abd6-e8b941af6cb4",
            "skipped": false
          },
          {
            "title": "float型加法运算",
            "fullTitle": "复合测试 float型加法运算",
            "timedOut": false,
            "duration": 0,
            "state": "passed",
            "speed": "fast",
            "pass": true,
            "fail": false,
            "pending": false,
            "code": "var num1, num2;\nfor (var i = 0; i < 10; i++) {\n\tnum1 = Math.random();\n\tnum2 = Math.random();\n\tequal(ca(' ' + num1 + ' + ' + num2 + ' '), +(num1 + num2).toFixed(15));\n}",
            "err": {},
            "isRoot": false,
            "uuid": "3c803159-6c8a-4e19-bc58-9dcf23fd3fa7",
            "parentUUID": "1bd1e280-b0fe-4488-abd6-e8b941af6cb4",
            "skipped": false
          },
          {
            "title": "float型与int形混合加法运算",
            "fullTitle": "复合测试 float型与int形混合加法运算",
            "timedOut": false,
            "duration": 0,
            "state": "passed",
            "speed": "fast",
            "pass": true,
            "fail": false,
            "pending": false,
            "code": "var num1 = Math.random(),\n    num2 = Math.random() / Math.random() | 0;\nfor (var i = 0; i < 20; i++) {\n\tequal(ca(num1 + '+' + num2), +(num1 + num2).toFixed(15));\n}",
            "err": {},
            "isRoot": false,
            "uuid": "ea0f82cc-d291-4578-9e0e-b24fad3152ae",
            "parentUUID": "1bd1e280-b0fe-4488-abd6-e8b941af6cb4",
            "skipped": false
          },
          {
            "title": "连续整形加法运算",
            "fullTitle": "复合测试 连续整形加法运算",
            "timedOut": false,
            "duration": 0,
            "state": "passed",
            "speed": "fast",
            "pass": true,
            "fail": false,
            "pending": false,
            "code": "var arr;\nfor (var i = 0; i < 10; i++) {\n\tarr = new Array(Math.random() * 10 | 0).fill(Math.random());\n}",
            "err": {},
            "isRoot": false,
            "uuid": "e9e061f4-d3cd-4a94-ae40-9ef1fd668bdb",
            "parentUUID": "1bd1e280-b0fe-4488-abd6-e8b941af6cb4",
            "skipped": false
          },
          {
            "title": "加减乘除余综合运算",
            "fullTitle": "复合测试 加减乘除余综合运算",
            "timedOut": false,
            "duration": 0,
            "state": "passed",
            "speed": "fast",
            "pass": true,
            "fail": false,
            "pending": false,
            "code": "equal(ca('1+2*3-4/4'), 6);\nequal(ca('5*4-3+6*3%2'), 5 * 4 - 3 + 6 * 3 % 2);\nequal(ca('9.2*3%3-3*5*3-3-9+5/3'), 9.2 * 3 % 3 - 3 * 5 * 3 - 3 - 9 + 5 / 3);\nequal(ca('6*5/32*3-1*3+2*4%3'), 6 * 5 / 32 * 3 - 1 * 3 + 2 * 4 % 3);\nequal(ca('2.32*2.12/32.33+1'), +(2.32 * 2.12 / 32.33 + 1).toFixed(15));",
            "err": {},
            "isRoot": false,
            "uuid": "5070aad0-fddd-4bc7-8d82-70a0f1588b53",
            "parentUUID": "1bd1e280-b0fe-4488-abd6-e8b941af6cb4",
            "skipped": false
          },
          {
            "title": "加减乘除余幂综合运算",
            "fullTitle": "复合测试 加减乘除余幂综合运算",
            "timedOut": false,
            "duration": 0,
            "state": "passed",
            "speed": "fast",
            "pass": true,
            "fail": false,
            "pending": false,
            "code": "equal(ca('1^2+2*3-4/4'), 6);\nequal(ca('5*4-3+6*3%2^2'), 5 * 4 - 3 + 6 * 3 % Math.pow(2, 2));\nequal(ca('9.2*3%3-3*5*3^2-3-9+5/3'), 9.2 * 3 % 3 - 3 * 5 * Math.pow(3, 2) - 3 - 9 + 5 / 3);\nequal(ca('6*5/32*3-1^3*3+2*4%3'), 6 * 5 / 32 * 3 - 1 * 3 + 2 * 4 % 3);\nequal(ca('2.32^4*2.12/32.33+1'), +(Math.pow(2.32, 4) * 2.12 / 32.33 + 1).toFixed(15));",
            "err": {},
            "isRoot": false,
            "uuid": "d8022d62-6bd6-48c0-9586-ca77589bdb81",
            "parentUUID": "1bd1e280-b0fe-4488-abd6-e8b941af6cb4",
            "skipped": false
          }
        ],
        "failures": [],
        "skipped": [],
        "hasTests": true,
        "hasSuites": false,
        "totalTests": 6,
        "totalPasses": 6,
        "totalFailures": 0,
        "totalPending": 0,
        "totalSkipped": 0,
        "hasPasses": true,
        "hasFailures": false,
        "hasPending": false,
        "hasSkipped": false,
        "duration": 16,
        "rootEmpty": false
      },
      {
        "title": "常量测试",
        "suites": [],
        "tests": [
          {
            "title": " 简单常量",
            "fullTitle": "常量测试  简单常量",
            "timedOut": false,
            "duration": 0,
            "state": "passed",
            "speed": "fast",
            "pass": true,
            "fail": false,
            "pending": false,
            "code": "equal(ca('e+1'), +(Math.E + 1).toFixed(15));",
            "err": {},
            "isRoot": false,
            "uuid": "ffd92795-067d-4603-aeed-bfb6f8600857",
            "parentUUID": "e2ccfa4c-7e7e-4ff9-942a-f13e7d241e86",
            "skipped": false
          },
          {
            "title": " 复合常量",
            "fullTitle": "常量测试  复合常量",
            "timedOut": false,
            "duration": 0,
            "state": "passed",
            "speed": "fast",
            "pass": true,
            "fail": false,
            "pending": false,
            "code": "equal(ca('π*e+1'), +(Math.PI * Math.E + 1).toFixed(15));",
            "err": {},
            "isRoot": false,
            "uuid": "39a9473d-f4f5-4174-9f7e-3d39be845b0e",
            "parentUUID": "e2ccfa4c-7e7e-4ff9-942a-f13e7d241e86",
            "skipped": false
          }
        ],
        "pending": [],
        "root": false,
        "_timeout": 2000,
        "file": "\\test\\main.test.js",
        "uuid": "e2ccfa4c-7e7e-4ff9-942a-f13e7d241e86",
        "fullFile": "F:\\300\\git\\IfeTask\\caculator\\caculator\\test\\main.test.js",
        "passes": [
          {
            "title": " 简单常量",
            "fullTitle": "常量测试  简单常量",
            "timedOut": false,
            "duration": 0,
            "state": "passed",
            "speed": "fast",
            "pass": true,
            "fail": false,
            "pending": false,
            "code": "equal(ca('e+1'), +(Math.E + 1).toFixed(15));",
            "err": {},
            "isRoot": false,
            "uuid": "ffd92795-067d-4603-aeed-bfb6f8600857",
            "parentUUID": "e2ccfa4c-7e7e-4ff9-942a-f13e7d241e86",
            "skipped": false
          },
          {
            "title": " 复合常量",
            "fullTitle": "常量测试  复合常量",
            "timedOut": false,
            "duration": 0,
            "state": "passed",
            "speed": "fast",
            "pass": true,
            "fail": false,
            "pending": false,
            "code": "equal(ca('π*e+1'), +(Math.PI * Math.E + 1).toFixed(15));",
            "err": {},
            "isRoot": false,
            "uuid": "39a9473d-f4f5-4174-9f7e-3d39be845b0e",
            "parentUUID": "e2ccfa4c-7e7e-4ff9-942a-f13e7d241e86",
            "skipped": false
          }
        ],
        "failures": [],
        "skipped": [],
        "hasTests": true,
        "hasSuites": false,
        "totalTests": 2,
        "totalPasses": 2,
        "totalFailures": 0,
        "totalPending": 0,
        "totalSkipped": 0,
        "hasPasses": true,
        "hasFailures": false,
        "hasPending": false,
        "hasSkipped": false,
        "duration": 0,
        "rootEmpty": false
      },
      {
        "title": "方法测试",
        "suites": [],
        "tests": [
          {
            "title": " 简单方法",
            "fullTitle": "方法测试  简单方法",
            "timedOut": false,
            "duration": 0,
            "state": "passed",
            "speed": "fast",
            "pass": true,
            "fail": false,
            "pending": false,
            "code": "equal(ca('pow(2,3) + pow(2,3)'), Math.pow(2, 3) + Math.pow(2, 3));",
            "err": {},
            "isRoot": false,
            "uuid": "7e8e99d1-e156-4206-b7af-f5e294fb6c0d",
            "parentUUID": "0f020774-ca6c-4a18-a84f-ed6d470ceb02",
            "skipped": false
          },
          {
            "title": "嵌套方法",
            "fullTitle": "方法测试 嵌套方法",
            "timedOut": false,
            "duration": 0,
            "state": "passed",
            "speed": "fast",
            "pass": true,
            "fail": false,
            "pending": false,
            "code": "equal(ca('pow(pow(2,3),3)'), Math.pow(Math.pow(2, 3), 3));",
            "err": {},
            "isRoot": false,
            "uuid": "1d7f2506-284b-46fd-a26f-9593c098589d",
            "parentUUID": "0f020774-ca6c-4a18-a84f-ed6d470ceb02",
            "skipped": false
          }
        ],
        "pending": [],
        "root": false,
        "_timeout": 2000,
        "file": "\\test\\main.test.js",
        "uuid": "0f020774-ca6c-4a18-a84f-ed6d470ceb02",
        "fullFile": "F:\\300\\git\\IfeTask\\caculator\\caculator\\test\\main.test.js",
        "passes": [
          {
            "title": " 简单方法",
            "fullTitle": "方法测试  简单方法",
            "timedOut": false,
            "duration": 0,
            "state": "passed",
            "speed": "fast",
            "pass": true,
            "fail": false,
            "pending": false,
            "code": "equal(ca('pow(2,3) + pow(2,3)'), Math.pow(2, 3) + Math.pow(2, 3));",
            "err": {},
            "isRoot": false,
            "uuid": "7e8e99d1-e156-4206-b7af-f5e294fb6c0d",
            "parentUUID": "0f020774-ca6c-4a18-a84f-ed6d470ceb02",
            "skipped": false
          },
          {
            "title": "嵌套方法",
            "fullTitle": "方法测试 嵌套方法",
            "timedOut": false,
            "duration": 0,
            "state": "passed",
            "speed": "fast",
            "pass": true,
            "fail": false,
            "pending": false,
            "code": "equal(ca('pow(pow(2,3),3)'), Math.pow(Math.pow(2, 3), 3));",
            "err": {},
            "isRoot": false,
            "uuid": "1d7f2506-284b-46fd-a26f-9593c098589d",
            "parentUUID": "0f020774-ca6c-4a18-a84f-ed6d470ceb02",
            "skipped": false
          }
        ],
        "failures": [],
        "skipped": [],
        "hasTests": true,
        "hasSuites": false,
        "totalTests": 2,
        "totalPasses": 2,
        "totalFailures": 0,
        "totalPending": 0,
        "totalSkipped": 0,
        "hasPasses": true,
        "hasFailures": false,
        "hasPending": false,
        "hasSkipped": false,
        "duration": 0,
        "rootEmpty": false
      },
      {
        "title": "边界情况测试",
        "suites": [],
        "tests": [
          {
            "title": "float型精度丢失",
            "fullTitle": "边界情况测试 float型精度丢失",
            "timedOut": false,
            "duration": 0,
            "state": "passed",
            "speed": "fast",
            "pass": true,
            "fail": false,
            "pending": false,
            "code": "equal(ca('0.1+0.2'), 0.3);",
            "err": {},
            "isRoot": false,
            "uuid": "09360b72-677d-4ae4-868a-83f54f6be5c6",
            "parentUUID": "c94874a2-a8e0-4831-8fd0-13ab931be975",
            "skipped": false
          },
          {
            "title": "空格不影响运算",
            "fullTitle": "边界情况测试 空格不影响运算",
            "timedOut": false,
            "duration": 0,
            "state": "passed",
            "speed": "fast",
            "pass": true,
            "fail": false,
            "pending": false,
            "code": "equal(ca('  0.1   +   0.5   '), 0.6);",
            "err": {},
            "isRoot": false,
            "uuid": "697adc45-6cb6-4361-bb81-6eb2618de318",
            "parentUUID": "c94874a2-a8e0-4831-8fd0-13ab931be975",
            "skipped": false
          },
          {
            "title": "连续幂运算",
            "fullTitle": "边界情况测试 连续幂运算",
            "timedOut": false,
            "duration": 0,
            "state": "passed",
            "speed": "fast",
            "pass": true,
            "fail": false,
            "pending": false,
            "code": "equal(ca('2^3^4'), Math.pow(Math.pow(2, 3), 4));",
            "err": {},
            "isRoot": false,
            "uuid": "8ab922fc-10e0-42f5-9b8b-19c2bc1de8df",
            "parentUUID": "c94874a2-a8e0-4831-8fd0-13ab931be975",
            "skipped": false
          },
          {
            "title": "嵌套幂运算",
            "fullTitle": "边界情况测试 嵌套幂运算",
            "timedOut": false,
            "duration": 0,
            "state": "passed",
            "speed": "fast",
            "pass": true,
            "fail": false,
            "pending": false,
            "code": "equal(ca('(2+1)^(3-1)^4'), Math.pow(Math.pow(2 + 1, 3 - 1), 4));",
            "err": {},
            "isRoot": false,
            "uuid": "145754b6-a747-4c9f-81e7-919adf3255a6",
            "parentUUID": "c94874a2-a8e0-4831-8fd0-13ab931be975",
            "skipped": false
          }
        ],
        "pending": [],
        "root": false,
        "_timeout": 2000,
        "file": "\\test\\main.test.js",
        "uuid": "c94874a2-a8e0-4831-8fd0-13ab931be975",
        "fullFile": "F:\\300\\git\\IfeTask\\caculator\\caculator\\test\\main.test.js",
        "passes": [
          {
            "title": "float型精度丢失",
            "fullTitle": "边界情况测试 float型精度丢失",
            "timedOut": false,
            "duration": 0,
            "state": "passed",
            "speed": "fast",
            "pass": true,
            "fail": false,
            "pending": false,
            "code": "equal(ca('0.1+0.2'), 0.3);",
            "err": {},
            "isRoot": false,
            "uuid": "09360b72-677d-4ae4-868a-83f54f6be5c6",
            "parentUUID": "c94874a2-a8e0-4831-8fd0-13ab931be975",
            "skipped": false
          },
          {
            "title": "空格不影响运算",
            "fullTitle": "边界情况测试 空格不影响运算",
            "timedOut": false,
            "duration": 0,
            "state": "passed",
            "speed": "fast",
            "pass": true,
            "fail": false,
            "pending": false,
            "code": "equal(ca('  0.1   +   0.5   '), 0.6);",
            "err": {},
            "isRoot": false,
            "uuid": "697adc45-6cb6-4361-bb81-6eb2618de318",
            "parentUUID": "c94874a2-a8e0-4831-8fd0-13ab931be975",
            "skipped": false
          },
          {
            "title": "连续幂运算",
            "fullTitle": "边界情况测试 连续幂运算",
            "timedOut": false,
            "duration": 0,
            "state": "passed",
            "speed": "fast",
            "pass": true,
            "fail": false,
            "pending": false,
            "code": "equal(ca('2^3^4'), Math.pow(Math.pow(2, 3), 4));",
            "err": {},
            "isRoot": false,
            "uuid": "8ab922fc-10e0-42f5-9b8b-19c2bc1de8df",
            "parentUUID": "c94874a2-a8e0-4831-8fd0-13ab931be975",
            "skipped": false
          },
          {
            "title": "嵌套幂运算",
            "fullTitle": "边界情况测试 嵌套幂运算",
            "timedOut": false,
            "duration": 0,
            "state": "passed",
            "speed": "fast",
            "pass": true,
            "fail": false,
            "pending": false,
            "code": "equal(ca('(2+1)^(3-1)^4'), Math.pow(Math.pow(2 + 1, 3 - 1), 4));",
            "err": {},
            "isRoot": false,
            "uuid": "145754b6-a747-4c9f-81e7-919adf3255a6",
            "parentUUID": "c94874a2-a8e0-4831-8fd0-13ab931be975",
            "skipped": false
          }
        ],
        "failures": [],
        "skipped": [],
        "hasTests": true,
        "hasSuites": false,
        "totalTests": 4,
        "totalPasses": 4,
        "totalFailures": 0,
        "totalPending": 0,
        "totalSkipped": 0,
        "hasPasses": true,
        "hasFailures": false,
        "hasPending": false,
        "hasSkipped": false,
        "duration": 0,
        "rootEmpty": false
      },
      {
        "title": "复杂情况",
        "suites": [],
        "tests": [
          {
            "title": "复合幂运算",
            "fullTitle": "复杂情况 复合幂运算",
            "timedOut": false,
            "duration": 0,
            "state": "passed",
            "speed": "fast",
            "pass": true,
            "fail": false,
            "pending": false,
            "code": "equal(ca('1 + 3 + 2^(3^2)'), 516);",
            "err": {},
            "isRoot": false,
            "uuid": "bb12c216-7c71-43d6-a6f6-2c017fe89d57",
            "parentUUID": "c04cac9a-6681-4bf4-a9f2-01561da164b5",
            "skipped": false
          },
          {
            "title": "复合幂运算",
            "fullTitle": "复杂情况 复合幂运算",
            "timedOut": false,
            "duration": 0,
            "state": "passed",
            "speed": "fast",
            "pass": true,
            "fail": false,
            "pending": false,
            "code": "equal(ca('1 + 3 + sin(5 *(8 + 1))'), +(1 + 3 + Math.sin(5 * (8 + 1) * Math.PI / 180)).toFixed(15));",
            "err": {},
            "isRoot": false,
            "uuid": "20e98e37-99ef-4886-9d7a-dcd559c21e7e",
            "parentUUID": "c04cac9a-6681-4bf4-a9f2-01561da164b5",
            "skipped": false
          }
        ],
        "pending": [],
        "root": false,
        "_timeout": 2000,
        "file": "\\test\\main.test.js",
        "uuid": "c04cac9a-6681-4bf4-a9f2-01561da164b5",
        "fullFile": "F:\\300\\git\\IfeTask\\caculator\\caculator\\test\\main.test.js",
        "passes": [
          {
            "title": "复合幂运算",
            "fullTitle": "复杂情况 复合幂运算",
            "timedOut": false,
            "duration": 0,
            "state": "passed",
            "speed": "fast",
            "pass": true,
            "fail": false,
            "pending": false,
            "code": "equal(ca('1 + 3 + 2^(3^2)'), 516);",
            "err": {},
            "isRoot": false,
            "uuid": "bb12c216-7c71-43d6-a6f6-2c017fe89d57",
            "parentUUID": "c04cac9a-6681-4bf4-a9f2-01561da164b5",
            "skipped": false
          },
          {
            "title": "复合幂运算",
            "fullTitle": "复杂情况 复合幂运算",
            "timedOut": false,
            "duration": 0,
            "state": "passed",
            "speed": "fast",
            "pass": true,
            "fail": false,
            "pending": false,
            "code": "equal(ca('1 + 3 + sin(5 *(8 + 1))'), +(1 + 3 + Math.sin(5 * (8 + 1) * Math.PI / 180)).toFixed(15));",
            "err": {},
            "isRoot": false,
            "uuid": "20e98e37-99ef-4886-9d7a-dcd559c21e7e",
            "parentUUID": "c04cac9a-6681-4bf4-a9f2-01561da164b5",
            "skipped": false
          }
        ],
        "failures": [],
        "skipped": [],
        "hasTests": true,
        "hasSuites": false,
        "totalTests": 2,
        "totalPasses": 2,
        "totalFailures": 0,
        "totalPending": 0,
        "totalSkipped": 0,
        "hasPasses": true,
        "hasFailures": false,
        "hasPending": false,
        "hasSkipped": false,
        "duration": 0,
        "rootEmpty": false
      }
    ],
    "tests": [],
    "pending": [],
    "root": true,
    "_timeout": 2000,
    "uuid": "8f0d97ba-295f-4c21-b4f2-40716a140238",
    "fullFile": "",
    "file": "",
    "passes": [],
    "failures": [],
    "skipped": [],
    "hasTests": false,
    "hasSuites": true,
    "totalTests": 0,
    "totalPasses": 0,
    "totalFailures": 0,
    "totalPending": 0,
    "totalSkipped": 0,
    "hasPasses": false,
    "hasFailures": false,
    "hasPending": false,
    "hasSkipped": false,
    "duration": 0,
    "rootEmpty": true
  },
  "allTests": [
    {
      "title": "加法",
      "fullTitle": "简单测试 加法",
      "timedOut": false,
      "duration": 0,
      "state": "passed",
      "speed": "fast",
      "pass": true,
      "fail": false,
      "pending": false,
      "code": "equal(ca('1+2'), 3);",
      "err": {},
      "isRoot": false,
      "uuid": "c5b44266-d6a2-467d-8097-5212146e4e35",
      "parentUUID": "427612f3-baaa-4d3a-9161-f15bc1d48b39",
      "skipped": false
    },
    {
      "title": "减法",
      "fullTitle": "简单测试 减法",
      "timedOut": false,
      "duration": 0,
      "state": "passed",
      "speed": "fast",
      "pass": true,
      "fail": false,
      "pending": false,
      "code": "equal(ca('1-2'), -1);",
      "err": {},
      "isRoot": false,
      "uuid": "26a36832-fd11-40ae-bd9f-709d3f1c4777",
      "parentUUID": "427612f3-baaa-4d3a-9161-f15bc1d48b39",
      "skipped": false
    },
    {
      "title": "乘法",
      "fullTitle": "简单测试 乘法",
      "timedOut": false,
      "duration": 0,
      "state": "passed",
      "speed": "fast",
      "pass": true,
      "fail": false,
      "pending": false,
      "code": "equal(ca('2*2'), 4);",
      "err": {},
      "isRoot": false,
      "uuid": "e5f41ba2-45f4-4553-88b5-a52079c50d1e",
      "parentUUID": "427612f3-baaa-4d3a-9161-f15bc1d48b39",
      "skipped": false
    },
    {
      "title": "除法",
      "fullTitle": "简单测试 除法",
      "timedOut": false,
      "duration": 0,
      "state": "passed",
      "speed": "fast",
      "pass": true,
      "fail": false,
      "pending": false,
      "code": "equal(ca('4/3'), +(4 / 3).toFixed(15));",
      "err": {},
      "isRoot": false,
      "uuid": "e915be3d-9269-4119-b4c2-ea9fc75ec178",
      "parentUUID": "427612f3-baaa-4d3a-9161-f15bc1d48b39",
      "skipped": false
    },
    {
      "title": "乘方",
      "fullTitle": "简单测试 乘方",
      "timedOut": false,
      "duration": 0,
      "state": "passed",
      "speed": "fast",
      "pass": true,
      "fail": false,
      "pending": false,
      "code": "equal(ca('2^3'), 8);",
      "err": {},
      "isRoot": false,
      "uuid": "cbf6e6e6-c3c7-4296-8988-2dfed3cbc433",
      "parentUUID": "427612f3-baaa-4d3a-9161-f15bc1d48b39",
      "skipped": false
    },
    {
      "title": "取余",
      "fullTitle": "简单测试 取余",
      "timedOut": false,
      "duration": 0,
      "state": "passed",
      "speed": "fast",
      "pass": true,
      "fail": false,
      "pending": false,
      "code": "equal(ca('3%2'), 1);",
      "err": {},
      "isRoot": false,
      "uuid": "09e1494d-bd1d-4348-8a39-372576404496",
      "parentUUID": "427612f3-baaa-4d3a-9161-f15bc1d48b39",
      "skipped": false
    },
    {
      "title": "绝对值运算",
      "fullTitle": "简单测试 绝对值运算",
      "timedOut": false,
      "duration": 0,
      "state": "passed",
      "speed": "fast",
      "pass": true,
      "fail": false,
      "pending": false,
      "code": "equal(ca('abs(-1)'), 1);",
      "err": {},
      "isRoot": false,
      "uuid": "47352b8a-756b-4d6c-a78d-2dba107c25cd",
      "parentUUID": "427612f3-baaa-4d3a-9161-f15bc1d48b39",
      "skipped": false
    },
    {
      "title": "均值运算",
      "fullTitle": "简单测试 均值运算",
      "timedOut": false,
      "duration": 0,
      "state": "passed",
      "speed": "fast",
      "pass": true,
      "fail": false,
      "pending": false,
      "code": "equal(ca('avg(1,2)'), 1.5);",
      "err": {},
      "isRoot": false,
      "uuid": "79666206-85fe-45b0-aa6a-c8e5053f0071",
      "parentUUID": "427612f3-baaa-4d3a-9161-f15bc1d48b39",
      "skipped": false
    },
    {
      "title": "正弦运算",
      "fullTitle": "简单测试 正弦运算",
      "timedOut": false,
      "duration": 0,
      "state": "passed",
      "speed": "fast",
      "pass": true,
      "fail": false,
      "pending": false,
      "code": "equal(ca('sin(30)'), 0.5);",
      "err": {},
      "isRoot": false,
      "uuid": "1bc0f6b3-a20f-4f4a-a993-c9b506dd0296",
      "parentUUID": "427612f3-baaa-4d3a-9161-f15bc1d48b39",
      "skipped": false
    },
    {
      "title": "余弦运算",
      "fullTitle": "简单测试 余弦运算",
      "timedOut": false,
      "duration": 0,
      "state": "passed",
      "speed": "fast",
      "pass": true,
      "fail": false,
      "pending": false,
      "code": "equal(ca('cos(60)'), 0.5);",
      "err": {},
      "isRoot": false,
      "uuid": "e60d56ac-f6a1-44d8-855d-f2ad20b04463",
      "parentUUID": "427612f3-baaa-4d3a-9161-f15bc1d48b39",
      "skipped": false
    },
    {
      "title": "正切运算",
      "fullTitle": "简单测试 正切运算",
      "timedOut": false,
      "duration": 0,
      "state": "passed",
      "speed": "fast",
      "pass": true,
      "fail": false,
      "pending": false,
      "code": "equal(ca('tan(45)'), 1);",
      "err": {},
      "isRoot": false,
      "uuid": "1616c313-285b-45f6-999b-af1adaedd835",
      "parentUUID": "427612f3-baaa-4d3a-9161-f15bc1d48b39",
      "skipped": false
    },
    {
      "title": "余切运算",
      "fullTitle": "简单测试 余切运算",
      "timedOut": false,
      "duration": 0,
      "state": "passed",
      "speed": "fast",
      "pass": true,
      "fail": false,
      "pending": false,
      "code": "equal(ca('cot(45)'), 1);",
      "err": {},
      "isRoot": false,
      "uuid": "8f6f310a-c061-44ad-8064-7b061fdceaea",
      "parentUUID": "427612f3-baaa-4d3a-9161-f15bc1d48b39",
      "skipped": false
    },
    {
      "title": "log底对数运算",
      "fullTitle": "简单测试 log底对数运算",
      "timedOut": false,
      "duration": 0,
      "state": "passed",
      "speed": "fast",
      "pass": true,
      "fail": false,
      "pending": false,
      "code": "equal(ca('log(100)'), 2);",
      "err": {},
      "isRoot": false,
      "uuid": "38771a51-e1fd-4075-8747-d816ecaffbb2",
      "parentUUID": "427612f3-baaa-4d3a-9161-f15bc1d48b39",
      "skipped": false
    },
    {
      "title": "ln自然对数",
      "fullTitle": "简单测试 ln自然对数",
      "timedOut": false,
      "duration": 0,
      "state": "passed",
      "speed": "fast",
      "pass": true,
      "fail": false,
      "pending": false,
      "code": "equal(ca('ln(100)'), Math.log(100));",
      "err": {},
      "isRoot": false,
      "uuid": "e4b51918-2e1d-4f76-8a8e-5314be2854e6",
      "parentUUID": "427612f3-baaa-4d3a-9161-f15bc1d48b39",
      "skipped": false
    },
    {
      "title": "e自然常量",
      "fullTitle": "简单测试 e自然常量",
      "timedOut": false,
      "duration": 0,
      "state": "passed",
      "speed": "fast",
      "pass": true,
      "fail": false,
      "pending": false,
      "code": "equal(ca('e'), Math.E);",
      "err": {},
      "isRoot": false,
      "uuid": "b3ffb03c-350e-4b91-8a06-788b3480933d",
      "parentUUID": "427612f3-baaa-4d3a-9161-f15bc1d48b39",
      "skipped": false
    },
    {
      "title": "π自然常量",
      "fullTitle": "简单测试 π自然常量",
      "timedOut": false,
      "duration": 0,
      "state": "passed",
      "speed": "fast",
      "pass": true,
      "fail": false,
      "pending": false,
      "code": "equal(ca('π'), Math.PI);",
      "err": {},
      "isRoot": false,
      "uuid": "a291ea1c-e550-4592-ac92-c0db4b900afb",
      "parentUUID": "427612f3-baaa-4d3a-9161-f15bc1d48b39",
      "skipped": false
    },
    {
      "title": "int型加法运算",
      "fullTitle": "复合测试 int型加法运算",
      "timedOut": false,
      "duration": 16,
      "state": "passed",
      "speed": "fast",
      "pass": true,
      "fail": false,
      "pending": false,
      "code": "var num1, num2;\nfor (var i = 0; i < 10; i++) {\n\tnum1 = Math.random() * 1000 | 0;\n\tnum2 = Math.random() * 1000 | 0;\n\tequal(ca(' ' + num1 + ' + ' + num2 + ' '), +(num1 + num2).toFixed(15));\n}",
      "err": {},
      "isRoot": false,
      "uuid": "5388540e-eac2-4c55-9ccc-f2a4fe5a1312",
      "parentUUID": "1bd1e280-b0fe-4488-abd6-e8b941af6cb4",
      "skipped": false
    },
    {
      "title": "float型加法运算",
      "fullTitle": "复合测试 float型加法运算",
      "timedOut": false,
      "duration": 0,
      "state": "passed",
      "speed": "fast",
      "pass": true,
      "fail": false,
      "pending": false,
      "code": "var num1, num2;\nfor (var i = 0; i < 10; i++) {\n\tnum1 = Math.random();\n\tnum2 = Math.random();\n\tequal(ca(' ' + num1 + ' + ' + num2 + ' '), +(num1 + num2).toFixed(15));\n}",
      "err": {},
      "isRoot": false,
      "uuid": "3c803159-6c8a-4e19-bc58-9dcf23fd3fa7",
      "parentUUID": "1bd1e280-b0fe-4488-abd6-e8b941af6cb4",
      "skipped": false
    },
    {
      "title": "float型与int形混合加法运算",
      "fullTitle": "复合测试 float型与int形混合加法运算",
      "timedOut": false,
      "duration": 0,
      "state": "passed",
      "speed": "fast",
      "pass": true,
      "fail": false,
      "pending": false,
      "code": "var num1 = Math.random(),\n    num2 = Math.random() / Math.random() | 0;\nfor (var i = 0; i < 20; i++) {\n\tequal(ca(num1 + '+' + num2), +(num1 + num2).toFixed(15));\n}",
      "err": {},
      "isRoot": false,
      "uuid": "ea0f82cc-d291-4578-9e0e-b24fad3152ae",
      "parentUUID": "1bd1e280-b0fe-4488-abd6-e8b941af6cb4",
      "skipped": false
    },
    {
      "title": "连续整形加法运算",
      "fullTitle": "复合测试 连续整形加法运算",
      "timedOut": false,
      "duration": 0,
      "state": "passed",
      "speed": "fast",
      "pass": true,
      "fail": false,
      "pending": false,
      "code": "var arr;\nfor (var i = 0; i < 10; i++) {\n\tarr = new Array(Math.random() * 10 | 0).fill(Math.random());\n}",
      "err": {},
      "isRoot": false,
      "uuid": "e9e061f4-d3cd-4a94-ae40-9ef1fd668bdb",
      "parentUUID": "1bd1e280-b0fe-4488-abd6-e8b941af6cb4",
      "skipped": false
    },
    {
      "title": "加减乘除余综合运算",
      "fullTitle": "复合测试 加减乘除余综合运算",
      "timedOut": false,
      "duration": 0,
      "state": "passed",
      "speed": "fast",
      "pass": true,
      "fail": false,
      "pending": false,
      "code": "equal(ca('1+2*3-4/4'), 6);\nequal(ca('5*4-3+6*3%2'), 5 * 4 - 3 + 6 * 3 % 2);\nequal(ca('9.2*3%3-3*5*3-3-9+5/3'), 9.2 * 3 % 3 - 3 * 5 * 3 - 3 - 9 + 5 / 3);\nequal(ca('6*5/32*3-1*3+2*4%3'), 6 * 5 / 32 * 3 - 1 * 3 + 2 * 4 % 3);\nequal(ca('2.32*2.12/32.33+1'), +(2.32 * 2.12 / 32.33 + 1).toFixed(15));",
      "err": {},
      "isRoot": false,
      "uuid": "5070aad0-fddd-4bc7-8d82-70a0f1588b53",
      "parentUUID": "1bd1e280-b0fe-4488-abd6-e8b941af6cb4",
      "skipped": false
    },
    {
      "title": "加减乘除余幂综合运算",
      "fullTitle": "复合测试 加减乘除余幂综合运算",
      "timedOut": false,
      "duration": 0,
      "state": "passed",
      "speed": "fast",
      "pass": true,
      "fail": false,
      "pending": false,
      "code": "equal(ca('1^2+2*3-4/4'), 6);\nequal(ca('5*4-3+6*3%2^2'), 5 * 4 - 3 + 6 * 3 % Math.pow(2, 2));\nequal(ca('9.2*3%3-3*5*3^2-3-9+5/3'), 9.2 * 3 % 3 - 3 * 5 * Math.pow(3, 2) - 3 - 9 + 5 / 3);\nequal(ca('6*5/32*3-1^3*3+2*4%3'), 6 * 5 / 32 * 3 - 1 * 3 + 2 * 4 % 3);\nequal(ca('2.32^4*2.12/32.33+1'), +(Math.pow(2.32, 4) * 2.12 / 32.33 + 1).toFixed(15));",
      "err": {},
      "isRoot": false,
      "uuid": "d8022d62-6bd6-48c0-9586-ca77589bdb81",
      "parentUUID": "1bd1e280-b0fe-4488-abd6-e8b941af6cb4",
      "skipped": false
    },
    {
      "title": " 简单常量",
      "fullTitle": "常量测试  简单常量",
      "timedOut": false,
      "duration": 0,
      "state": "passed",
      "speed": "fast",
      "pass": true,
      "fail": false,
      "pending": false,
      "code": "equal(ca('e+1'), +(Math.E + 1).toFixed(15));",
      "err": {},
      "isRoot": false,
      "uuid": "ffd92795-067d-4603-aeed-bfb6f8600857",
      "parentUUID": "e2ccfa4c-7e7e-4ff9-942a-f13e7d241e86",
      "skipped": false
    },
    {
      "title": " 复合常量",
      "fullTitle": "常量测试  复合常量",
      "timedOut": false,
      "duration": 0,
      "state": "passed",
      "speed": "fast",
      "pass": true,
      "fail": false,
      "pending": false,
      "code": "equal(ca('π*e+1'), +(Math.PI * Math.E + 1).toFixed(15));",
      "err": {},
      "isRoot": false,
      "uuid": "39a9473d-f4f5-4174-9f7e-3d39be845b0e",
      "parentUUID": "e2ccfa4c-7e7e-4ff9-942a-f13e7d241e86",
      "skipped": false
    },
    {
      "title": " 简单方法",
      "fullTitle": "方法测试  简单方法",
      "timedOut": false,
      "duration": 0,
      "state": "passed",
      "speed": "fast",
      "pass": true,
      "fail": false,
      "pending": false,
      "code": "equal(ca('pow(2,3) + pow(2,3)'), Math.pow(2, 3) + Math.pow(2, 3));",
      "err": {},
      "isRoot": false,
      "uuid": "7e8e99d1-e156-4206-b7af-f5e294fb6c0d",
      "parentUUID": "0f020774-ca6c-4a18-a84f-ed6d470ceb02",
      "skipped": false
    },
    {
      "title": "嵌套方法",
      "fullTitle": "方法测试 嵌套方法",
      "timedOut": false,
      "duration": 0,
      "state": "passed",
      "speed": "fast",
      "pass": true,
      "fail": false,
      "pending": false,
      "code": "equal(ca('pow(pow(2,3),3)'), Math.pow(Math.pow(2, 3), 3));",
      "err": {},
      "isRoot": false,
      "uuid": "1d7f2506-284b-46fd-a26f-9593c098589d",
      "parentUUID": "0f020774-ca6c-4a18-a84f-ed6d470ceb02",
      "skipped": false
    },
    {
      "title": "float型精度丢失",
      "fullTitle": "边界情况测试 float型精度丢失",
      "timedOut": false,
      "duration": 0,
      "state": "passed",
      "speed": "fast",
      "pass": true,
      "fail": false,
      "pending": false,
      "code": "equal(ca('0.1+0.2'), 0.3);",
      "err": {},
      "isRoot": false,
      "uuid": "09360b72-677d-4ae4-868a-83f54f6be5c6",
      "parentUUID": "c94874a2-a8e0-4831-8fd0-13ab931be975",
      "skipped": false
    },
    {
      "title": "空格不影响运算",
      "fullTitle": "边界情况测试 空格不影响运算",
      "timedOut": false,
      "duration": 0,
      "state": "passed",
      "speed": "fast",
      "pass": true,
      "fail": false,
      "pending": false,
      "code": "equal(ca('  0.1   +   0.5   '), 0.6);",
      "err": {},
      "isRoot": false,
      "uuid": "697adc45-6cb6-4361-bb81-6eb2618de318",
      "parentUUID": "c94874a2-a8e0-4831-8fd0-13ab931be975",
      "skipped": false
    },
    {
      "title": "连续幂运算",
      "fullTitle": "边界情况测试 连续幂运算",
      "timedOut": false,
      "duration": 0,
      "state": "passed",
      "speed": "fast",
      "pass": true,
      "fail": false,
      "pending": false,
      "code": "equal(ca('2^3^4'), Math.pow(Math.pow(2, 3), 4));",
      "err": {},
      "isRoot": false,
      "uuid": "8ab922fc-10e0-42f5-9b8b-19c2bc1de8df",
      "parentUUID": "c94874a2-a8e0-4831-8fd0-13ab931be975",
      "skipped": false
    },
    {
      "title": "嵌套幂运算",
      "fullTitle": "边界情况测试 嵌套幂运算",
      "timedOut": false,
      "duration": 0,
      "state": "passed",
      "speed": "fast",
      "pass": true,
      "fail": false,
      "pending": false,
      "code": "equal(ca('(2+1)^(3-1)^4'), Math.pow(Math.pow(2 + 1, 3 - 1), 4));",
      "err": {},
      "isRoot": false,
      "uuid": "145754b6-a747-4c9f-81e7-919adf3255a6",
      "parentUUID": "c94874a2-a8e0-4831-8fd0-13ab931be975",
      "skipped": false
    },
    {
      "title": "复合幂运算",
      "fullTitle": "复杂情况 复合幂运算",
      "timedOut": false,
      "duration": 0,
      "state": "passed",
      "speed": "fast",
      "pass": true,
      "fail": false,
      "pending": false,
      "code": "equal(ca('1 + 3 + 2^(3^2)'), 516);",
      "err": {},
      "isRoot": false,
      "uuid": "bb12c216-7c71-43d6-a6f6-2c017fe89d57",
      "parentUUID": "c04cac9a-6681-4bf4-a9f2-01561da164b5",
      "skipped": false
    },
    {
      "title": "复合幂运算",
      "fullTitle": "复杂情况 复合幂运算",
      "timedOut": false,
      "duration": 0,
      "state": "passed",
      "speed": "fast",
      "pass": true,
      "fail": false,
      "pending": false,
      "code": "equal(ca('1 + 3 + sin(5 *(8 + 1))'), +(1 + 3 + Math.sin(5 * (8 + 1) * Math.PI / 180)).toFixed(15));",
      "err": {},
      "isRoot": false,
      "uuid": "20e98e37-99ef-4886-9d7a-dcd559c21e7e",
      "parentUUID": "c04cac9a-6681-4bf4-a9f2-01561da164b5",
      "skipped": false
    }
  ],
  "allPending": [],
  "allPasses": [
    {
      "title": "加法",
      "fullTitle": "简单测试 加法",
      "timedOut": false,
      "duration": 0,
      "state": "passed",
      "speed": "fast",
      "pass": true,
      "fail": false,
      "pending": false,
      "code": "equal(ca('1+2'), 3);",
      "err": {},
      "isRoot": false,
      "uuid": "c5b44266-d6a2-467d-8097-5212146e4e35",
      "parentUUID": "427612f3-baaa-4d3a-9161-f15bc1d48b39",
      "skipped": false
    },
    {
      "title": "减法",
      "fullTitle": "简单测试 减法",
      "timedOut": false,
      "duration": 0,
      "state": "passed",
      "speed": "fast",
      "pass": true,
      "fail": false,
      "pending": false,
      "code": "equal(ca('1-2'), -1);",
      "err": {},
      "isRoot": false,
      "uuid": "26a36832-fd11-40ae-bd9f-709d3f1c4777",
      "parentUUID": "427612f3-baaa-4d3a-9161-f15bc1d48b39",
      "skipped": false
    },
    {
      "title": "乘法",
      "fullTitle": "简单测试 乘法",
      "timedOut": false,
      "duration": 0,
      "state": "passed",
      "speed": "fast",
      "pass": true,
      "fail": false,
      "pending": false,
      "code": "equal(ca('2*2'), 4);",
      "err": {},
      "isRoot": false,
      "uuid": "e5f41ba2-45f4-4553-88b5-a52079c50d1e",
      "parentUUID": "427612f3-baaa-4d3a-9161-f15bc1d48b39",
      "skipped": false
    },
    {
      "title": "除法",
      "fullTitle": "简单测试 除法",
      "timedOut": false,
      "duration": 0,
      "state": "passed",
      "speed": "fast",
      "pass": true,
      "fail": false,
      "pending": false,
      "code": "equal(ca('4/3'), +(4 / 3).toFixed(15));",
      "err": {},
      "isRoot": false,
      "uuid": "e915be3d-9269-4119-b4c2-ea9fc75ec178",
      "parentUUID": "427612f3-baaa-4d3a-9161-f15bc1d48b39",
      "skipped": false
    },
    {
      "title": "乘方",
      "fullTitle": "简单测试 乘方",
      "timedOut": false,
      "duration": 0,
      "state": "passed",
      "speed": "fast",
      "pass": true,
      "fail": false,
      "pending": false,
      "code": "equal(ca('2^3'), 8);",
      "err": {},
      "isRoot": false,
      "uuid": "cbf6e6e6-c3c7-4296-8988-2dfed3cbc433",
      "parentUUID": "427612f3-baaa-4d3a-9161-f15bc1d48b39",
      "skipped": false
    },
    {
      "title": "取余",
      "fullTitle": "简单测试 取余",
      "timedOut": false,
      "duration": 0,
      "state": "passed",
      "speed": "fast",
      "pass": true,
      "fail": false,
      "pending": false,
      "code": "equal(ca('3%2'), 1);",
      "err": {},
      "isRoot": false,
      "uuid": "09e1494d-bd1d-4348-8a39-372576404496",
      "parentUUID": "427612f3-baaa-4d3a-9161-f15bc1d48b39",
      "skipped": false
    },
    {
      "title": "绝对值运算",
      "fullTitle": "简单测试 绝对值运算",
      "timedOut": false,
      "duration": 0,
      "state": "passed",
      "speed": "fast",
      "pass": true,
      "fail": false,
      "pending": false,
      "code": "equal(ca('abs(-1)'), 1);",
      "err": {},
      "isRoot": false,
      "uuid": "47352b8a-756b-4d6c-a78d-2dba107c25cd",
      "parentUUID": "427612f3-baaa-4d3a-9161-f15bc1d48b39",
      "skipped": false
    },
    {
      "title": "均值运算",
      "fullTitle": "简单测试 均值运算",
      "timedOut": false,
      "duration": 0,
      "state": "passed",
      "speed": "fast",
      "pass": true,
      "fail": false,
      "pending": false,
      "code": "equal(ca('avg(1,2)'), 1.5);",
      "err": {},
      "isRoot": false,
      "uuid": "79666206-85fe-45b0-aa6a-c8e5053f0071",
      "parentUUID": "427612f3-baaa-4d3a-9161-f15bc1d48b39",
      "skipped": false
    },
    {
      "title": "正弦运算",
      "fullTitle": "简单测试 正弦运算",
      "timedOut": false,
      "duration": 0,
      "state": "passed",
      "speed": "fast",
      "pass": true,
      "fail": false,
      "pending": false,
      "code": "equal(ca('sin(30)'), 0.5);",
      "err": {},
      "isRoot": false,
      "uuid": "1bc0f6b3-a20f-4f4a-a993-c9b506dd0296",
      "parentUUID": "427612f3-baaa-4d3a-9161-f15bc1d48b39",
      "skipped": false
    },
    {
      "title": "余弦运算",
      "fullTitle": "简单测试 余弦运算",
      "timedOut": false,
      "duration": 0,
      "state": "passed",
      "speed": "fast",
      "pass": true,
      "fail": false,
      "pending": false,
      "code": "equal(ca('cos(60)'), 0.5);",
      "err": {},
      "isRoot": false,
      "uuid": "e60d56ac-f6a1-44d8-855d-f2ad20b04463",
      "parentUUID": "427612f3-baaa-4d3a-9161-f15bc1d48b39",
      "skipped": false
    },
    {
      "title": "正切运算",
      "fullTitle": "简单测试 正切运算",
      "timedOut": false,
      "duration": 0,
      "state": "passed",
      "speed": "fast",
      "pass": true,
      "fail": false,
      "pending": false,
      "code": "equal(ca('tan(45)'), 1);",
      "err": {},
      "isRoot": false,
      "uuid": "1616c313-285b-45f6-999b-af1adaedd835",
      "parentUUID": "427612f3-baaa-4d3a-9161-f15bc1d48b39",
      "skipped": false
    },
    {
      "title": "余切运算",
      "fullTitle": "简单测试 余切运算",
      "timedOut": false,
      "duration": 0,
      "state": "passed",
      "speed": "fast",
      "pass": true,
      "fail": false,
      "pending": false,
      "code": "equal(ca('cot(45)'), 1);",
      "err": {},
      "isRoot": false,
      "uuid": "8f6f310a-c061-44ad-8064-7b061fdceaea",
      "parentUUID": "427612f3-baaa-4d3a-9161-f15bc1d48b39",
      "skipped": false
    },
    {
      "title": "log底对数运算",
      "fullTitle": "简单测试 log底对数运算",
      "timedOut": false,
      "duration": 0,
      "state": "passed",
      "speed": "fast",
      "pass": true,
      "fail": false,
      "pending": false,
      "code": "equal(ca('log(100)'), 2);",
      "err": {},
      "isRoot": false,
      "uuid": "38771a51-e1fd-4075-8747-d816ecaffbb2",
      "parentUUID": "427612f3-baaa-4d3a-9161-f15bc1d48b39",
      "skipped": false
    },
    {
      "title": "ln自然对数",
      "fullTitle": "简单测试 ln自然对数",
      "timedOut": false,
      "duration": 0,
      "state": "passed",
      "speed": "fast",
      "pass": true,
      "fail": false,
      "pending": false,
      "code": "equal(ca('ln(100)'), Math.log(100));",
      "err": {},
      "isRoot": false,
      "uuid": "e4b51918-2e1d-4f76-8a8e-5314be2854e6",
      "parentUUID": "427612f3-baaa-4d3a-9161-f15bc1d48b39",
      "skipped": false
    },
    {
      "title": "e自然常量",
      "fullTitle": "简单测试 e自然常量",
      "timedOut": false,
      "duration": 0,
      "state": "passed",
      "speed": "fast",
      "pass": true,
      "fail": false,
      "pending": false,
      "code": "equal(ca('e'), Math.E);",
      "err": {},
      "isRoot": false,
      "uuid": "b3ffb03c-350e-4b91-8a06-788b3480933d",
      "parentUUID": "427612f3-baaa-4d3a-9161-f15bc1d48b39",
      "skipped": false
    },
    {
      "title": "π自然常量",
      "fullTitle": "简单测试 π自然常量",
      "timedOut": false,
      "duration": 0,
      "state": "passed",
      "speed": "fast",
      "pass": true,
      "fail": false,
      "pending": false,
      "code": "equal(ca('π'), Math.PI);",
      "err": {},
      "isRoot": false,
      "uuid": "a291ea1c-e550-4592-ac92-c0db4b900afb",
      "parentUUID": "427612f3-baaa-4d3a-9161-f15bc1d48b39",
      "skipped": false
    },
    {
      "title": "int型加法运算",
      "fullTitle": "复合测试 int型加法运算",
      "timedOut": false,
      "duration": 16,
      "state": "passed",
      "speed": "fast",
      "pass": true,
      "fail": false,
      "pending": false,
      "code": "var num1, num2;\nfor (var i = 0; i < 10; i++) {\n\tnum1 = Math.random() * 1000 | 0;\n\tnum2 = Math.random() * 1000 | 0;\n\tequal(ca(' ' + num1 + ' + ' + num2 + ' '), +(num1 + num2).toFixed(15));\n}",
      "err": {},
      "isRoot": false,
      "uuid": "5388540e-eac2-4c55-9ccc-f2a4fe5a1312",
      "parentUUID": "1bd1e280-b0fe-4488-abd6-e8b941af6cb4",
      "skipped": false
    },
    {
      "title": "float型加法运算",
      "fullTitle": "复合测试 float型加法运算",
      "timedOut": false,
      "duration": 0,
      "state": "passed",
      "speed": "fast",
      "pass": true,
      "fail": false,
      "pending": false,
      "code": "var num1, num2;\nfor (var i = 0; i < 10; i++) {\n\tnum1 = Math.random();\n\tnum2 = Math.random();\n\tequal(ca(' ' + num1 + ' + ' + num2 + ' '), +(num1 + num2).toFixed(15));\n}",
      "err": {},
      "isRoot": false,
      "uuid": "3c803159-6c8a-4e19-bc58-9dcf23fd3fa7",
      "parentUUID": "1bd1e280-b0fe-4488-abd6-e8b941af6cb4",
      "skipped": false
    },
    {
      "title": "float型与int形混合加法运算",
      "fullTitle": "复合测试 float型与int形混合加法运算",
      "timedOut": false,
      "duration": 0,
      "state": "passed",
      "speed": "fast",
      "pass": true,
      "fail": false,
      "pending": false,
      "code": "var num1 = Math.random(),\n    num2 = Math.random() / Math.random() | 0;\nfor (var i = 0; i < 20; i++) {\n\tequal(ca(num1 + '+' + num2), +(num1 + num2).toFixed(15));\n}",
      "err": {},
      "isRoot": false,
      "uuid": "ea0f82cc-d291-4578-9e0e-b24fad3152ae",
      "parentUUID": "1bd1e280-b0fe-4488-abd6-e8b941af6cb4",
      "skipped": false
    },
    {
      "title": "连续整形加法运算",
      "fullTitle": "复合测试 连续整形加法运算",
      "timedOut": false,
      "duration": 0,
      "state": "passed",
      "speed": "fast",
      "pass": true,
      "fail": false,
      "pending": false,
      "code": "var arr;\nfor (var i = 0; i < 10; i++) {\n\tarr = new Array(Math.random() * 10 | 0).fill(Math.random());\n}",
      "err": {},
      "isRoot": false,
      "uuid": "e9e061f4-d3cd-4a94-ae40-9ef1fd668bdb",
      "parentUUID": "1bd1e280-b0fe-4488-abd6-e8b941af6cb4",
      "skipped": false
    },
    {
      "title": "加减乘除余综合运算",
      "fullTitle": "复合测试 加减乘除余综合运算",
      "timedOut": false,
      "duration": 0,
      "state": "passed",
      "speed": "fast",
      "pass": true,
      "fail": false,
      "pending": false,
      "code": "equal(ca('1+2*3-4/4'), 6);\nequal(ca('5*4-3+6*3%2'), 5 * 4 - 3 + 6 * 3 % 2);\nequal(ca('9.2*3%3-3*5*3-3-9+5/3'), 9.2 * 3 % 3 - 3 * 5 * 3 - 3 - 9 + 5 / 3);\nequal(ca('6*5/32*3-1*3+2*4%3'), 6 * 5 / 32 * 3 - 1 * 3 + 2 * 4 % 3);\nequal(ca('2.32*2.12/32.33+1'), +(2.32 * 2.12 / 32.33 + 1).toFixed(15));",
      "err": {},
      "isRoot": false,
      "uuid": "5070aad0-fddd-4bc7-8d82-70a0f1588b53",
      "parentUUID": "1bd1e280-b0fe-4488-abd6-e8b941af6cb4",
      "skipped": false
    },
    {
      "title": "加减乘除余幂综合运算",
      "fullTitle": "复合测试 加减乘除余幂综合运算",
      "timedOut": false,
      "duration": 0,
      "state": "passed",
      "speed": "fast",
      "pass": true,
      "fail": false,
      "pending": false,
      "code": "equal(ca('1^2+2*3-4/4'), 6);\nequal(ca('5*4-3+6*3%2^2'), 5 * 4 - 3 + 6 * 3 % Math.pow(2, 2));\nequal(ca('9.2*3%3-3*5*3^2-3-9+5/3'), 9.2 * 3 % 3 - 3 * 5 * Math.pow(3, 2) - 3 - 9 + 5 / 3);\nequal(ca('6*5/32*3-1^3*3+2*4%3'), 6 * 5 / 32 * 3 - 1 * 3 + 2 * 4 % 3);\nequal(ca('2.32^4*2.12/32.33+1'), +(Math.pow(2.32, 4) * 2.12 / 32.33 + 1).toFixed(15));",
      "err": {},
      "isRoot": false,
      "uuid": "d8022d62-6bd6-48c0-9586-ca77589bdb81",
      "parentUUID": "1bd1e280-b0fe-4488-abd6-e8b941af6cb4",
      "skipped": false
    },
    {
      "title": " 简单常量",
      "fullTitle": "常量测试  简单常量",
      "timedOut": false,
      "duration": 0,
      "state": "passed",
      "speed": "fast",
      "pass": true,
      "fail": false,
      "pending": false,
      "code": "equal(ca('e+1'), +(Math.E + 1).toFixed(15));",
      "err": {},
      "isRoot": false,
      "uuid": "ffd92795-067d-4603-aeed-bfb6f8600857",
      "parentUUID": "e2ccfa4c-7e7e-4ff9-942a-f13e7d241e86",
      "skipped": false
    },
    {
      "title": " 复合常量",
      "fullTitle": "常量测试  复合常量",
      "timedOut": false,
      "duration": 0,
      "state": "passed",
      "speed": "fast",
      "pass": true,
      "fail": false,
      "pending": false,
      "code": "equal(ca('π*e+1'), +(Math.PI * Math.E + 1).toFixed(15));",
      "err": {},
      "isRoot": false,
      "uuid": "39a9473d-f4f5-4174-9f7e-3d39be845b0e",
      "parentUUID": "e2ccfa4c-7e7e-4ff9-942a-f13e7d241e86",
      "skipped": false
    },
    {
      "title": " 简单方法",
      "fullTitle": "方法测试  简单方法",
      "timedOut": false,
      "duration": 0,
      "state": "passed",
      "speed": "fast",
      "pass": true,
      "fail": false,
      "pending": false,
      "code": "equal(ca('pow(2,3) + pow(2,3)'), Math.pow(2, 3) + Math.pow(2, 3));",
      "err": {},
      "isRoot": false,
      "uuid": "7e8e99d1-e156-4206-b7af-f5e294fb6c0d",
      "parentUUID": "0f020774-ca6c-4a18-a84f-ed6d470ceb02",
      "skipped": false
    },
    {
      "title": "嵌套方法",
      "fullTitle": "方法测试 嵌套方法",
      "timedOut": false,
      "duration": 0,
      "state": "passed",
      "speed": "fast",
      "pass": true,
      "fail": false,
      "pending": false,
      "code": "equal(ca('pow(pow(2,3),3)'), Math.pow(Math.pow(2, 3), 3));",
      "err": {},
      "isRoot": false,
      "uuid": "1d7f2506-284b-46fd-a26f-9593c098589d",
      "parentUUID": "0f020774-ca6c-4a18-a84f-ed6d470ceb02",
      "skipped": false
    },
    {
      "title": "float型精度丢失",
      "fullTitle": "边界情况测试 float型精度丢失",
      "timedOut": false,
      "duration": 0,
      "state": "passed",
      "speed": "fast",
      "pass": true,
      "fail": false,
      "pending": false,
      "code": "equal(ca('0.1+0.2'), 0.3);",
      "err": {},
      "isRoot": false,
      "uuid": "09360b72-677d-4ae4-868a-83f54f6be5c6",
      "parentUUID": "c94874a2-a8e0-4831-8fd0-13ab931be975",
      "skipped": false
    },
    {
      "title": "空格不影响运算",
      "fullTitle": "边界情况测试 空格不影响运算",
      "timedOut": false,
      "duration": 0,
      "state": "passed",
      "speed": "fast",
      "pass": true,
      "fail": false,
      "pending": false,
      "code": "equal(ca('  0.1   +   0.5   '), 0.6);",
      "err": {},
      "isRoot": false,
      "uuid": "697adc45-6cb6-4361-bb81-6eb2618de318",
      "parentUUID": "c94874a2-a8e0-4831-8fd0-13ab931be975",
      "skipped": false
    },
    {
      "title": "连续幂运算",
      "fullTitle": "边界情况测试 连续幂运算",
      "timedOut": false,
      "duration": 0,
      "state": "passed",
      "speed": "fast",
      "pass": true,
      "fail": false,
      "pending": false,
      "code": "equal(ca('2^3^4'), Math.pow(Math.pow(2, 3), 4));",
      "err": {},
      "isRoot": false,
      "uuid": "8ab922fc-10e0-42f5-9b8b-19c2bc1de8df",
      "parentUUID": "c94874a2-a8e0-4831-8fd0-13ab931be975",
      "skipped": false
    },
    {
      "title": "嵌套幂运算",
      "fullTitle": "边界情况测试 嵌套幂运算",
      "timedOut": false,
      "duration": 0,
      "state": "passed",
      "speed": "fast",
      "pass": true,
      "fail": false,
      "pending": false,
      "code": "equal(ca('(2+1)^(3-1)^4'), Math.pow(Math.pow(2 + 1, 3 - 1), 4));",
      "err": {},
      "isRoot": false,
      "uuid": "145754b6-a747-4c9f-81e7-919adf3255a6",
      "parentUUID": "c94874a2-a8e0-4831-8fd0-13ab931be975",
      "skipped": false
    },
    {
      "title": "复合幂运算",
      "fullTitle": "复杂情况 复合幂运算",
      "timedOut": false,
      "duration": 0,
      "state": "passed",
      "speed": "fast",
      "pass": true,
      "fail": false,
      "pending": false,
      "code": "equal(ca('1 + 3 + 2^(3^2)'), 516);",
      "err": {},
      "isRoot": false,
      "uuid": "bb12c216-7c71-43d6-a6f6-2c017fe89d57",
      "parentUUID": "c04cac9a-6681-4bf4-a9f2-01561da164b5",
      "skipped": false
    },
    {
      "title": "复合幂运算",
      "fullTitle": "复杂情况 复合幂运算",
      "timedOut": false,
      "duration": 0,
      "state": "passed",
      "speed": "fast",
      "pass": true,
      "fail": false,
      "pending": false,
      "code": "equal(ca('1 + 3 + sin(5 *(8 + 1))'), +(1 + 3 + Math.sin(5 * (8 + 1) * Math.PI / 180)).toFixed(15));",
      "err": {},
      "isRoot": false,
      "uuid": "20e98e37-99ef-4886-9d7a-dcd559c21e7e",
      "parentUUID": "c04cac9a-6681-4bf4-a9f2-01561da164b5",
      "skipped": false
    }
  ],
  "allFailures": [],
  "copyrightYear": 2017
}