{
  "stats": {
    "suites": 6,
    "tests": 33,
    "passes": 33,
    "pending": 0,
    "failures": 0,
    "start": "2017-03-09T15:59:53.166Z",
    "end": "2017-03-09T15:59:53.181Z",
    "duration": 15,
    "testsRegistered": 33,
    "passPercent": 100,
    "pendingPercent": 0,
    "other": 0,
    "hasOther": false,
    "skipped": 0,
    "hasSkipped": false,
    "passPercentClass": "success",
    "pendingPercentClass": "danger"
  },
  "suites": {
    "title": "",
    "suites": [
      {
        "title": "简单测试",
        "suites": [],
        "tests": [
          {
            "title": "加法",
            "fullTitle": "简单测试 加法",
            "timedOut": false,
            "duration": 0,
            "state": "passed",
            "speed": "fast",
            "pass": true,
            "fail": false,
            "pending": false,
            "code": "equal(ca('1+2'), 3);",
            "err": {},
            "isRoot": false,
            "uuid": "ef56e471-ed73-43f1-9dc0-32dce515bcd7",
            "parentUUID": "083042df-90b8-4e12-ba6b-9ed84ef35c3a",
            "skipped": false
          },
          {
            "title": "减法",
            "fullTitle": "简单测试 减法",
            "timedOut": false,
            "duration": 0,
            "state": "passed",
            "speed": "fast",
            "pass": true,
            "fail": false,
            "pending": false,
            "code": "equal(ca('1-2'), -1);",
            "err": {},
            "isRoot": false,
            "uuid": "9466e416-2eb0-49de-81c5-a1383e01dda6",
            "parentUUID": "083042df-90b8-4e12-ba6b-9ed84ef35c3a",
            "skipped": false
          },
          {
            "title": "乘法",
            "fullTitle": "简单测试 乘法",
            "timedOut": false,
            "duration": 0,
            "state": "passed",
            "speed": "fast",
            "pass": true,
            "fail": false,
            "pending": false,
            "code": "equal(ca('2*2'), 4);",
            "err": {},
            "isRoot": false,
            "uuid": "9aab82da-2570-4aba-b05c-733b2fef593b",
            "parentUUID": "083042df-90b8-4e12-ba6b-9ed84ef35c3a",
            "skipped": false
          },
          {
            "title": "除法",
            "fullTitle": "简单测试 除法",
            "timedOut": false,
            "duration": 0,
            "state": "passed",
            "speed": "fast",
            "pass": true,
            "fail": false,
            "pending": false,
            "code": "equal(ca('4/3'), +(4 / 3).toFixed(15));",
            "err": {},
            "isRoot": false,
            "uuid": "1880de2a-1425-4116-a1f6-1190ff87cbec",
            "parentUUID": "083042df-90b8-4e12-ba6b-9ed84ef35c3a",
            "skipped": false
          },
          {
            "title": "乘方",
            "fullTitle": "简单测试 乘方",
            "timedOut": false,
            "duration": 0,
            "state": "passed",
            "speed": "fast",
            "pass": true,
            "fail": false,
            "pending": false,
            "code": "equal(ca('2^3'), 8);",
            "err": {},
            "isRoot": false,
            "uuid": "9aa87ba2-cbcd-4efb-994c-dd3e6fe0fbc9",
            "parentUUID": "083042df-90b8-4e12-ba6b-9ed84ef35c3a",
            "skipped": false
          },
          {
            "title": "取余",
            "fullTitle": "简单测试 取余",
            "timedOut": false,
            "duration": 0,
            "state": "passed",
            "speed": "fast",
            "pass": true,
            "fail": false,
            "pending": false,
            "code": "equal(ca('3%2'), 1);",
            "err": {},
            "isRoot": false,
            "uuid": "88bb8989-10bf-48c7-b1fa-07dbd7182792",
            "parentUUID": "083042df-90b8-4e12-ba6b-9ed84ef35c3a",
            "skipped": false
          },
          {
            "title": "绝对值运算",
            "fullTitle": "简单测试 绝对值运算",
            "timedOut": false,
            "duration": 0,
            "state": "passed",
            "speed": "fast",
            "pass": true,
            "fail": false,
            "pending": false,
            "code": "equal(ca('abs(-1)'), 1);",
            "err": {},
            "isRoot": false,
            "uuid": "b2a940ed-5252-44cb-8508-fd27a0e91815",
            "parentUUID": "083042df-90b8-4e12-ba6b-9ed84ef35c3a",
            "skipped": false
          },
          {
            "title": "均值运算",
            "fullTitle": "简单测试 均值运算",
            "timedOut": false,
            "duration": 0,
            "state": "passed",
            "speed": "fast",
            "pass": true,
            "fail": false,
            "pending": false,
            "code": "equal(ca('avg(1,2)'), 1.5);",
            "err": {},
            "isRoot": false,
            "uuid": "65be0010-3278-4bd8-8af8-ddeeadc90ad5",
            "parentUUID": "083042df-90b8-4e12-ba6b-9ed84ef35c3a",
            "skipped": false
          },
          {
            "title": "正弦运算",
            "fullTitle": "简单测试 正弦运算",
            "timedOut": false,
            "duration": 0,
            "state": "passed",
            "speed": "fast",
            "pass": true,
            "fail": false,
            "pending": false,
            "code": "equal(ca('sin(30)'), 0.5);",
            "err": {},
            "isRoot": false,
            "uuid": "6d87d42a-6c9b-4653-b5fa-ec4dc69e6fc9",
            "parentUUID": "083042df-90b8-4e12-ba6b-9ed84ef35c3a",
            "skipped": false
          },
          {
            "title": "余弦运算",
            "fullTitle": "简单测试 余弦运算",
            "timedOut": false,
            "duration": 0,
            "state": "passed",
            "speed": "fast",
            "pass": true,
            "fail": false,
            "pending": false,
            "code": "equal(ca('cos(60)'), 0.5);",
            "err": {},
            "isRoot": false,
            "uuid": "35a8b96e-1e35-4b7d-a0f5-f3cfcca0807d",
            "parentUUID": "083042df-90b8-4e12-ba6b-9ed84ef35c3a",
            "skipped": false
          },
          {
            "title": "正切运算",
            "fullTitle": "简单测试 正切运算",
            "timedOut": false,
            "duration": 0,
            "state": "passed",
            "speed": "fast",
            "pass": true,
            "fail": false,
            "pending": false,
            "code": "equal(ca('tan(45)'), 1);",
            "err": {},
            "isRoot": false,
            "uuid": "70100416-6ede-4250-b095-9602b7e1772e",
            "parentUUID": "083042df-90b8-4e12-ba6b-9ed84ef35c3a",
            "skipped": false
          },
          {
            "title": "余切运算",
            "fullTitle": "简单测试 余切运算",
            "timedOut": false,
            "duration": 0,
            "state": "passed",
            "speed": "fast",
            "pass": true,
            "fail": false,
            "pending": false,
            "code": "equal(ca('cot(45)'), 1);",
            "err": {},
            "isRoot": false,
            "uuid": "306e8e6d-4cc0-4912-a979-7e9f187f368b",
            "parentUUID": "083042df-90b8-4e12-ba6b-9ed84ef35c3a",
            "skipped": false
          },
          {
            "title": "log底对数运算",
            "fullTitle": "简单测试 log底对数运算",
            "timedOut": false,
            "duration": 0,
            "state": "passed",
            "speed": "fast",
            "pass": true,
            "fail": false,
            "pending": false,
            "code": "equal(ca('log(100)'), 2);",
            "err": {},
            "isRoot": false,
            "uuid": "688ce4e5-afcf-4e07-8028-012303a52692",
            "parentUUID": "083042df-90b8-4e12-ba6b-9ed84ef35c3a",
            "skipped": false
          },
          {
            "title": "ln自然对数",
            "fullTitle": "简单测试 ln自然对数",
            "timedOut": false,
            "duration": 0,
            "state": "passed",
            "speed": "fast",
            "pass": true,
            "fail": false,
            "pending": false,
            "code": "equal(ca('ln(100)'), Math.log(100));",
            "err": {},
            "isRoot": false,
            "uuid": "b6529b7b-be7f-4c62-af60-db5ca720f55f",
            "parentUUID": "083042df-90b8-4e12-ba6b-9ed84ef35c3a",
            "skipped": false
          },
          {
            "title": "e自然常量",
            "fullTitle": "简单测试 e自然常量",
            "timedOut": false,
            "duration": 0,
            "state": "passed",
            "speed": "fast",
            "pass": true,
            "fail": false,
            "pending": false,
            "code": "equal(ca('e'), Math.E);",
            "err": {},
            "isRoot": false,
            "uuid": "3bfbfb6a-08c6-436b-92ba-c6895cb4a704",
            "parentUUID": "083042df-90b8-4e12-ba6b-9ed84ef35c3a",
            "skipped": false
          },
          {
            "title": "π自然常量",
            "fullTitle": "简单测试 π自然常量",
            "timedOut": false,
            "duration": 0,
            "state": "passed",
            "speed": "fast",
            "pass": true,
            "fail": false,
            "pending": false,
            "code": "equal(ca('π'), Math.PI);",
            "err": {},
            "isRoot": false,
            "uuid": "2ead8fa8-35fa-4e23-ba11-d9bd4d722fec",
            "parentUUID": "083042df-90b8-4e12-ba6b-9ed84ef35c3a",
            "skipped": false
          }
        ],
        "pending": [],
        "root": false,
        "_timeout": 2000,
        "file": "\\test\\main.test.js",
        "uuid": "083042df-90b8-4e12-ba6b-9ed84ef35c3a",
        "fullFile": "F:\\300\\git\\IfeTask\\caculator\\caculator\\test\\main.test.js",
        "passes": [
          {
            "title": "加法",
            "fullTitle": "简单测试 加法",
            "timedOut": false,
            "duration": 0,
            "state": "passed",
            "speed": "fast",
            "pass": true,
            "fail": false,
            "pending": false,
            "code": "equal(ca('1+2'), 3);",
            "err": {},
            "isRoot": false,
            "uuid": "ef56e471-ed73-43f1-9dc0-32dce515bcd7",
            "parentUUID": "083042df-90b8-4e12-ba6b-9ed84ef35c3a",
            "skipped": false
          },
          {
            "title": "减法",
            "fullTitle": "简单测试 减法",
            "timedOut": false,
            "duration": 0,
            "state": "passed",
            "speed": "fast",
            "pass": true,
            "fail": false,
            "pending": false,
            "code": "equal(ca('1-2'), -1);",
            "err": {},
            "isRoot": false,
            "uuid": "9466e416-2eb0-49de-81c5-a1383e01dda6",
            "parentUUID": "083042df-90b8-4e12-ba6b-9ed84ef35c3a",
            "skipped": false
          },
          {
            "title": "乘法",
            "fullTitle": "简单测试 乘法",
            "timedOut": false,
            "duration": 0,
            "state": "passed",
            "speed": "fast",
            "pass": true,
            "fail": false,
            "pending": false,
            "code": "equal(ca('2*2'), 4);",
            "err": {},
            "isRoot": false,
            "uuid": "9aab82da-2570-4aba-b05c-733b2fef593b",
            "parentUUID": "083042df-90b8-4e12-ba6b-9ed84ef35c3a",
            "skipped": false
          },
          {
            "title": "除法",
            "fullTitle": "简单测试 除法",
            "timedOut": false,
            "duration": 0,
            "state": "passed",
            "speed": "fast",
            "pass": true,
            "fail": false,
            "pending": false,
            "code": "equal(ca('4/3'), +(4 / 3).toFixed(15));",
            "err": {},
            "isRoot": false,
            "uuid": "1880de2a-1425-4116-a1f6-1190ff87cbec",
            "parentUUID": "083042df-90b8-4e12-ba6b-9ed84ef35c3a",
            "skipped": false
          },
          {
            "title": "乘方",
            "fullTitle": "简单测试 乘方",
            "timedOut": false,
            "duration": 0,
            "state": "passed",
            "speed": "fast",
            "pass": true,
            "fail": false,
            "pending": false,
            "code": "equal(ca('2^3'), 8);",
            "err": {},
            "isRoot": false,
            "uuid": "9aa87ba2-cbcd-4efb-994c-dd3e6fe0fbc9",
            "parentUUID": "083042df-90b8-4e12-ba6b-9ed84ef35c3a",
            "skipped": false
          },
          {
            "title": "取余",
            "fullTitle": "简单测试 取余",
            "timedOut": false,
            "duration": 0,
            "state": "passed",
            "speed": "fast",
            "pass": true,
            "fail": false,
            "pending": false,
            "code": "equal(ca('3%2'), 1);",
            "err": {},
            "isRoot": false,
            "uuid": "88bb8989-10bf-48c7-b1fa-07dbd7182792",
            "parentUUID": "083042df-90b8-4e12-ba6b-9ed84ef35c3a",
            "skipped": false
          },
          {
            "title": "绝对值运算",
            "fullTitle": "简单测试 绝对值运算",
            "timedOut": false,
            "duration": 0,
            "state": "passed",
            "speed": "fast",
            "pass": true,
            "fail": false,
            "pending": false,
            "code": "equal(ca('abs(-1)'), 1);",
            "err": {},
            "isRoot": false,
            "uuid": "b2a940ed-5252-44cb-8508-fd27a0e91815",
            "parentUUID": "083042df-90b8-4e12-ba6b-9ed84ef35c3a",
            "skipped": false
          },
          {
            "title": "均值运算",
            "fullTitle": "简单测试 均值运算",
            "timedOut": false,
            "duration": 0,
            "state": "passed",
            "speed": "fast",
            "pass": true,
            "fail": false,
            "pending": false,
            "code": "equal(ca('avg(1,2)'), 1.5);",
            "err": {},
            "isRoot": false,
            "uuid": "65be0010-3278-4bd8-8af8-ddeeadc90ad5",
            "parentUUID": "083042df-90b8-4e12-ba6b-9ed84ef35c3a",
            "skipped": false
          },
          {
            "title": "正弦运算",
            "fullTitle": "简单测试 正弦运算",
            "timedOut": false,
            "duration": 0,
            "state": "passed",
            "speed": "fast",
            "pass": true,
            "fail": false,
            "pending": false,
            "code": "equal(ca('sin(30)'), 0.5);",
            "err": {},
            "isRoot": false,
            "uuid": "6d87d42a-6c9b-4653-b5fa-ec4dc69e6fc9",
            "parentUUID": "083042df-90b8-4e12-ba6b-9ed84ef35c3a",
            "skipped": false
          },
          {
            "title": "余弦运算",
            "fullTitle": "简单测试 余弦运算",
            "timedOut": false,
            "duration": 0,
            "state": "passed",
            "speed": "fast",
            "pass": true,
            "fail": false,
            "pending": false,
            "code": "equal(ca('cos(60)'), 0.5);",
            "err": {},
            "isRoot": false,
            "uuid": "35a8b96e-1e35-4b7d-a0f5-f3cfcca0807d",
            "parentUUID": "083042df-90b8-4e12-ba6b-9ed84ef35c3a",
            "skipped": false
          },
          {
            "title": "正切运算",
            "fullTitle": "简单测试 正切运算",
            "timedOut": false,
            "duration": 0,
            "state": "passed",
            "speed": "fast",
            "pass": true,
            "fail": false,
            "pending": false,
            "code": "equal(ca('tan(45)'), 1);",
            "err": {},
            "isRoot": false,
            "uuid": "70100416-6ede-4250-b095-9602b7e1772e",
            "parentUUID": "083042df-90b8-4e12-ba6b-9ed84ef35c3a",
            "skipped": false
          },
          {
            "title": "余切运算",
            "fullTitle": "简单测试 余切运算",
            "timedOut": false,
            "duration": 0,
            "state": "passed",
            "speed": "fast",
            "pass": true,
            "fail": false,
            "pending": false,
            "code": "equal(ca('cot(45)'), 1);",
            "err": {},
            "isRoot": false,
            "uuid": "306e8e6d-4cc0-4912-a979-7e9f187f368b",
            "parentUUID": "083042df-90b8-4e12-ba6b-9ed84ef35c3a",
            "skipped": false
          },
          {
            "title": "log底对数运算",
            "fullTitle": "简单测试 log底对数运算",
            "timedOut": false,
            "duration": 0,
            "state": "passed",
            "speed": "fast",
            "pass": true,
            "fail": false,
            "pending": false,
            "code": "equal(ca('log(100)'), 2);",
            "err": {},
            "isRoot": false,
            "uuid": "688ce4e5-afcf-4e07-8028-012303a52692",
            "parentUUID": "083042df-90b8-4e12-ba6b-9ed84ef35c3a",
            "skipped": false
          },
          {
            "title": "ln自然对数",
            "fullTitle": "简单测试 ln自然对数",
            "timedOut": false,
            "duration": 0,
            "state": "passed",
            "speed": "fast",
            "pass": true,
            "fail": false,
            "pending": false,
            "code": "equal(ca('ln(100)'), Math.log(100));",
            "err": {},
            "isRoot": false,
            "uuid": "b6529b7b-be7f-4c62-af60-db5ca720f55f",
            "parentUUID": "083042df-90b8-4e12-ba6b-9ed84ef35c3a",
            "skipped": false
          },
          {
            "title": "e自然常量",
            "fullTitle": "简单测试 e自然常量",
            "timedOut": false,
            "duration": 0,
            "state": "passed",
            "speed": "fast",
            "pass": true,
            "fail": false,
            "pending": false,
            "code": "equal(ca('e'), Math.E);",
            "err": {},
            "isRoot": false,
            "uuid": "3bfbfb6a-08c6-436b-92ba-c6895cb4a704",
            "parentUUID": "083042df-90b8-4e12-ba6b-9ed84ef35c3a",
            "skipped": false
          },
          {
            "title": "π自然常量",
            "fullTitle": "简单测试 π自然常量",
            "timedOut": false,
            "duration": 0,
            "state": "passed",
            "speed": "fast",
            "pass": true,
            "fail": false,
            "pending": false,
            "code": "equal(ca('π'), Math.PI);",
            "err": {},
            "isRoot": false,
            "uuid": "2ead8fa8-35fa-4e23-ba11-d9bd4d722fec",
            "parentUUID": "083042df-90b8-4e12-ba6b-9ed84ef35c3a",
            "skipped": false
          }
        ],
        "failures": [],
        "skipped": [],
        "hasTests": true,
        "hasSuites": false,
        "totalTests": 16,
        "totalPasses": 16,
        "totalFailures": 0,
        "totalPending": 0,
        "totalSkipped": 0,
        "hasPasses": true,
        "hasFailures": false,
        "hasPending": false,
        "hasSkipped": false,
        "duration": 0,
        "rootEmpty": false
      },
      {
        "title": "复合测试",
        "suites": [],
        "tests": [
          {
            "title": "int型加法运算",
            "fullTitle": "复合测试 int型加法运算",
            "timedOut": false,
            "duration": 0,
            "state": "passed",
            "speed": "fast",
            "pass": true,
            "fail": false,
            "pending": false,
            "code": "var num1, num2;\nfor (var i = 0; i < 10; i++) {\n\tnum1 = Math.random() * 1000 | 0;\n\tnum2 = Math.random() * 1000 | 0;\n\tequal(ca(' ' + num1 + ' + ' + num2 + ' '), +(num1 + num2).toFixed(15));\n}",
            "err": {},
            "isRoot": false,
            "uuid": "4a234cce-2700-4025-ad6e-edf1761d26ee",
            "parentUUID": "c426d257-6d62-40b8-ba43-88620aae5644",
            "skipped": false
          },
          {
            "title": "float型加法运算",
            "fullTitle": "复合测试 float型加法运算",
            "timedOut": false,
            "duration": 0,
            "state": "passed",
            "speed": "fast",
            "pass": true,
            "fail": false,
            "pending": false,
            "code": "var num1, num2;\nfor (var i = 0; i < 10; i++) {\n\tnum1 = Math.random();\n\tnum2 = Math.random();\n\tequal(ca(' ' + num1 + ' + ' + num2 + ' '), +(num1 + num2).toFixed(15));\n}",
            "err": {},
            "isRoot": false,
            "uuid": "8b419712-335b-4fa6-b21b-42af562c3cd8",
            "parentUUID": "c426d257-6d62-40b8-ba43-88620aae5644",
            "skipped": false
          },
          {
            "title": "float型与int形混合加法运算",
            "fullTitle": "复合测试 float型与int形混合加法运算",
            "timedOut": false,
            "duration": 0,
            "state": "passed",
            "speed": "fast",
            "pass": true,
            "fail": false,
            "pending": false,
            "code": "var num1 = Math.random(),\n    num2 = Math.random() / Math.random() | 0;\nfor (var i = 0; i < 20; i++) {\n\tequal(ca(num1 + '+' + num2), +(num1 + num2).toFixed(15));\n}",
            "err": {},
            "isRoot": false,
            "uuid": "cca91b57-2257-4b18-8df5-151708692d3e",
            "parentUUID": "c426d257-6d62-40b8-ba43-88620aae5644",
            "skipped": false
          },
          {
            "title": "连续整形加法运算",
            "fullTitle": "复合测试 连续整形加法运算",
            "timedOut": false,
            "duration": 0,
            "state": "passed",
            "speed": "fast",
            "pass": true,
            "fail": false,
            "pending": false,
            "code": "var arr;\nfor (var i = 0; i < 10; i++) {\n\tarr = new Array(Math.random() * 10 | 0).fill(Math.random());\n}",
            "err": {},
            "isRoot": false,
            "uuid": "b70eba95-c9fe-4181-8605-07e389dbe5d0",
            "parentUUID": "c426d257-6d62-40b8-ba43-88620aae5644",
            "skipped": false
          },
          {
            "title": "加减乘除余综合运算",
            "fullTitle": "复合测试 加减乘除余综合运算",
            "timedOut": false,
            "duration": 0,
            "state": "passed",
            "speed": "fast",
            "pass": true,
            "fail": false,
            "pending": false,
            "code": "equal(ca('1+2*3-4/4'), 6);\nequal(ca('5*4-3+6*3%2'), 5 * 4 - 3 + 6 * 3 % 2);\nequal(ca('9.2*3%3-3*5*3-3-9+5/3'), 9.2 * 3 % 3 - 3 * 5 * 3 - 3 - 9 + 5 / 3);\nequal(ca('6*5/32*3-1*3+2*4%3'), 6 * 5 / 32 * 3 - 1 * 3 + 2 * 4 % 3);\nequal(ca('2.32*2.12/32.33+1'), +(2.32 * 2.12 / 32.33 + 1).toFixed(15));",
            "err": {},
            "isRoot": false,
            "uuid": "8131ae5e-f018-47dd-8543-291f368e2d30",
            "parentUUID": "c426d257-6d62-40b8-ba43-88620aae5644",
            "skipped": false
          },
          {
            "title": "加减乘除余幂综合运算",
            "fullTitle": "复合测试 加减乘除余幂综合运算",
            "timedOut": false,
            "duration": 0,
            "state": "passed",
            "speed": "fast",
            "pass": true,
            "fail": false,
            "pending": false,
            "code": "equal(ca('1^2+2*3-4/4'), 6);\nequal(ca('5*4-3+6*3%2^2'), 5 * 4 - 3 + 6 * 3 % Math.pow(2, 2));\nequal(ca('9.2*3%3-3*5*3^2-3-9+5/3'), 9.2 * 3 % 3 - 3 * 5 * Math.pow(3, 2) - 3 - 9 + 5 / 3);\nequal(ca('6*5/32*3-1^3*3+2*4%3'), 6 * 5 / 32 * 3 - 1 * 3 + 2 * 4 % 3);\nequal(ca('2.32^4*2.12/32.33+1'), +(Math.pow(2.32, 4) * 2.12 / 32.33 + 1).toFixed(15));",
            "err": {},
            "isRoot": false,
            "uuid": "527b35df-985e-4578-94a0-4ccbd7f3d009",
            "parentUUID": "c426d257-6d62-40b8-ba43-88620aae5644",
            "skipped": false
          }
        ],
        "pending": [],
        "root": false,
        "_timeout": 2000,
        "file": "\\test\\main.test.js",
        "uuid": "c426d257-6d62-40b8-ba43-88620aae5644",
        "fullFile": "F:\\300\\git\\IfeTask\\caculator\\caculator\\test\\main.test.js",
        "passes": [
          {
            "title": "int型加法运算",
            "fullTitle": "复合测试 int型加法运算",
            "timedOut": false,
            "duration": 0,
            "state": "passed",
            "speed": "fast",
            "pass": true,
            "fail": false,
            "pending": false,
            "code": "var num1, num2;\nfor (var i = 0; i < 10; i++) {\n\tnum1 = Math.random() * 1000 | 0;\n\tnum2 = Math.random() * 1000 | 0;\n\tequal(ca(' ' + num1 + ' + ' + num2 + ' '), +(num1 + num2).toFixed(15));\n}",
            "err": {},
            "isRoot": false,
            "uuid": "4a234cce-2700-4025-ad6e-edf1761d26ee",
            "parentUUID": "c426d257-6d62-40b8-ba43-88620aae5644",
            "skipped": false
          },
          {
            "title": "float型加法运算",
            "fullTitle": "复合测试 float型加法运算",
            "timedOut": false,
            "duration": 0,
            "state": "passed",
            "speed": "fast",
            "pass": true,
            "fail": false,
            "pending": false,
            "code": "var num1, num2;\nfor (var i = 0; i < 10; i++) {\n\tnum1 = Math.random();\n\tnum2 = Math.random();\n\tequal(ca(' ' + num1 + ' + ' + num2 + ' '), +(num1 + num2).toFixed(15));\n}",
            "err": {},
            "isRoot": false,
            "uuid": "8b419712-335b-4fa6-b21b-42af562c3cd8",
            "parentUUID": "c426d257-6d62-40b8-ba43-88620aae5644",
            "skipped": false
          },
          {
            "title": "float型与int形混合加法运算",
            "fullTitle": "复合测试 float型与int形混合加法运算",
            "timedOut": false,
            "duration": 0,
            "state": "passed",
            "speed": "fast",
            "pass": true,
            "fail": false,
            "pending": false,
            "code": "var num1 = Math.random(),\n    num2 = Math.random() / Math.random() | 0;\nfor (var i = 0; i < 20; i++) {\n\tequal(ca(num1 + '+' + num2), +(num1 + num2).toFixed(15));\n}",
            "err": {},
            "isRoot": false,
            "uuid": "cca91b57-2257-4b18-8df5-151708692d3e",
            "parentUUID": "c426d257-6d62-40b8-ba43-88620aae5644",
            "skipped": false
          },
          {
            "title": "连续整形加法运算",
            "fullTitle": "复合测试 连续整形加法运算",
            "timedOut": false,
            "duration": 0,
            "state": "passed",
            "speed": "fast",
            "pass": true,
            "fail": false,
            "pending": false,
            "code": "var arr;\nfor (var i = 0; i < 10; i++) {\n\tarr = new Array(Math.random() * 10 | 0).fill(Math.random());\n}",
            "err": {},
            "isRoot": false,
            "uuid": "b70eba95-c9fe-4181-8605-07e389dbe5d0",
            "parentUUID": "c426d257-6d62-40b8-ba43-88620aae5644",
            "skipped": false
          },
          {
            "title": "加减乘除余综合运算",
            "fullTitle": "复合测试 加减乘除余综合运算",
            "timedOut": false,
            "duration": 0,
            "state": "passed",
            "speed": "fast",
            "pass": true,
            "fail": false,
            "pending": false,
            "code": "equal(ca('1+2*3-4/4'), 6);\nequal(ca('5*4-3+6*3%2'), 5 * 4 - 3 + 6 * 3 % 2);\nequal(ca('9.2*3%3-3*5*3-3-9+5/3'), 9.2 * 3 % 3 - 3 * 5 * 3 - 3 - 9 + 5 / 3);\nequal(ca('6*5/32*3-1*3+2*4%3'), 6 * 5 / 32 * 3 - 1 * 3 + 2 * 4 % 3);\nequal(ca('2.32*2.12/32.33+1'), +(2.32 * 2.12 / 32.33 + 1).toFixed(15));",
            "err": {},
            "isRoot": false,
            "uuid": "8131ae5e-f018-47dd-8543-291f368e2d30",
            "parentUUID": "c426d257-6d62-40b8-ba43-88620aae5644",
            "skipped": false
          },
          {
            "title": "加减乘除余幂综合运算",
            "fullTitle": "复合测试 加减乘除余幂综合运算",
            "timedOut": false,
            "duration": 0,
            "state": "passed",
            "speed": "fast",
            "pass": true,
            "fail": false,
            "pending": false,
            "code": "equal(ca('1^2+2*3-4/4'), 6);\nequal(ca('5*4-3+6*3%2^2'), 5 * 4 - 3 + 6 * 3 % Math.pow(2, 2));\nequal(ca('9.2*3%3-3*5*3^2-3-9+5/3'), 9.2 * 3 % 3 - 3 * 5 * Math.pow(3, 2) - 3 - 9 + 5 / 3);\nequal(ca('6*5/32*3-1^3*3+2*4%3'), 6 * 5 / 32 * 3 - 1 * 3 + 2 * 4 % 3);\nequal(ca('2.32^4*2.12/32.33+1'), +(Math.pow(2.32, 4) * 2.12 / 32.33 + 1).toFixed(15));",
            "err": {},
            "isRoot": false,
            "uuid": "527b35df-985e-4578-94a0-4ccbd7f3d009",
            "parentUUID": "c426d257-6d62-40b8-ba43-88620aae5644",
            "skipped": false
          }
        ],
        "failures": [],
        "skipped": [],
        "hasTests": true,
        "hasSuites": false,
        "totalTests": 6,
        "totalPasses": 6,
        "totalFailures": 0,
        "totalPending": 0,
        "totalSkipped": 0,
        "hasPasses": true,
        "hasFailures": false,
        "hasPending": false,
        "hasSkipped": false,
        "duration": 0,
        "rootEmpty": false
      },
      {
        "title": "常量测试",
        "suites": [],
        "tests": [
          {
            "title": " 简单常量",
            "fullTitle": "常量测试  简单常量",
            "timedOut": false,
            "duration": 0,
            "state": "passed",
            "speed": "fast",
            "pass": true,
            "fail": false,
            "pending": false,
            "code": "equal(ca('e+1'), +(Math.E + 1).toFixed(15));",
            "err": {},
            "isRoot": false,
            "uuid": "35f7de57-9d62-42ae-bc5c-99359241cd6b",
            "parentUUID": "5b39ca95-b9a4-41f6-9ef7-7341c554509c",
            "skipped": false
          },
          {
            "title": " 复合常量",
            "fullTitle": "常量测试  复合常量",
            "timedOut": false,
            "duration": 0,
            "state": "passed",
            "speed": "fast",
            "pass": true,
            "fail": false,
            "pending": false,
            "code": "equal(ca('π*e+1'), +(Math.PI * Math.E + 1).toFixed(15));",
            "err": {},
            "isRoot": false,
            "uuid": "16349941-b624-4055-85a7-321371aae0af",
            "parentUUID": "5b39ca95-b9a4-41f6-9ef7-7341c554509c",
            "skipped": false
          }
        ],
        "pending": [],
        "root": false,
        "_timeout": 2000,
        "file": "\\test\\main.test.js",
        "uuid": "5b39ca95-b9a4-41f6-9ef7-7341c554509c",
        "fullFile": "F:\\300\\git\\IfeTask\\caculator\\caculator\\test\\main.test.js",
        "passes": [
          {
            "title": " 简单常量",
            "fullTitle": "常量测试  简单常量",
            "timedOut": false,
            "duration": 0,
            "state": "passed",
            "speed": "fast",
            "pass": true,
            "fail": false,
            "pending": false,
            "code": "equal(ca('e+1'), +(Math.E + 1).toFixed(15));",
            "err": {},
            "isRoot": false,
            "uuid": "35f7de57-9d62-42ae-bc5c-99359241cd6b",
            "parentUUID": "5b39ca95-b9a4-41f6-9ef7-7341c554509c",
            "skipped": false
          },
          {
            "title": " 复合常量",
            "fullTitle": "常量测试  复合常量",
            "timedOut": false,
            "duration": 0,
            "state": "passed",
            "speed": "fast",
            "pass": true,
            "fail": false,
            "pending": false,
            "code": "equal(ca('π*e+1'), +(Math.PI * Math.E + 1).toFixed(15));",
            "err": {},
            "isRoot": false,
            "uuid": "16349941-b624-4055-85a7-321371aae0af",
            "parentUUID": "5b39ca95-b9a4-41f6-9ef7-7341c554509c",
            "skipped": false
          }
        ],
        "failures": [],
        "skipped": [],
        "hasTests": true,
        "hasSuites": false,
        "totalTests": 2,
        "totalPasses": 2,
        "totalFailures": 0,
        "totalPending": 0,
        "totalSkipped": 0,
        "hasPasses": true,
        "hasFailures": false,
        "hasPending": false,
        "hasSkipped": false,
        "duration": 0,
        "rootEmpty": false
      },
      {
        "title": "方法测试",
        "suites": [],
        "tests": [
          {
            "title": " 简单方法",
            "fullTitle": "方法测试  简单方法",
            "timedOut": false,
            "duration": 0,
            "state": "passed",
            "speed": "fast",
            "pass": true,
            "fail": false,
            "pending": false,
            "code": "equal(ca('pow(2,3) + pow(2,3)'), Math.pow(2, 3) + Math.pow(2, 3));",
            "err": {},
            "isRoot": false,
            "uuid": "b82d6d25-ac80-44cd-9f48-90445261d804",
            "parentUUID": "3187905f-f283-440a-b0aa-bc3960c9064b",
            "skipped": false
          },
          {
            "title": "嵌套方法",
            "fullTitle": "方法测试 嵌套方法",
            "timedOut": false,
            "duration": 0,
            "state": "passed",
            "speed": "fast",
            "pass": true,
            "fail": false,
            "pending": false,
            "code": "equal(ca('pow(pow(2,3),3)'), Math.pow(Math.pow(2, 3), 3));",
            "err": {},
            "isRoot": false,
            "uuid": "aa47a383-fcfc-49a3-bc4a-fb73e67113e6",
            "parentUUID": "3187905f-f283-440a-b0aa-bc3960c9064b",
            "skipped": false
          }
        ],
        "pending": [],
        "root": false,
        "_timeout": 2000,
        "file": "\\test\\main.test.js",
        "uuid": "3187905f-f283-440a-b0aa-bc3960c9064b",
        "fullFile": "F:\\300\\git\\IfeTask\\caculator\\caculator\\test\\main.test.js",
        "passes": [
          {
            "title": " 简单方法",
            "fullTitle": "方法测试  简单方法",
            "timedOut": false,
            "duration": 0,
            "state": "passed",
            "speed": "fast",
            "pass": true,
            "fail": false,
            "pending": false,
            "code": "equal(ca('pow(2,3) + pow(2,3)'), Math.pow(2, 3) + Math.pow(2, 3));",
            "err": {},
            "isRoot": false,
            "uuid": "b82d6d25-ac80-44cd-9f48-90445261d804",
            "parentUUID": "3187905f-f283-440a-b0aa-bc3960c9064b",
            "skipped": false
          },
          {
            "title": "嵌套方法",
            "fullTitle": "方法测试 嵌套方法",
            "timedOut": false,
            "duration": 0,
            "state": "passed",
            "speed": "fast",
            "pass": true,
            "fail": false,
            "pending": false,
            "code": "equal(ca('pow(pow(2,3),3)'), Math.pow(Math.pow(2, 3), 3));",
            "err": {},
            "isRoot": false,
            "uuid": "aa47a383-fcfc-49a3-bc4a-fb73e67113e6",
            "parentUUID": "3187905f-f283-440a-b0aa-bc3960c9064b",
            "skipped": false
          }
        ],
        "failures": [],
        "skipped": [],
        "hasTests": true,
        "hasSuites": false,
        "totalTests": 2,
        "totalPasses": 2,
        "totalFailures": 0,
        "totalPending": 0,
        "totalSkipped": 0,
        "hasPasses": true,
        "hasFailures": false,
        "hasPending": false,
        "hasSkipped": false,
        "duration": 0,
        "rootEmpty": false
      },
      {
        "title": "边界情况测试",
        "suites": [],
        "tests": [
          {
            "title": "float型精度丢失",
            "fullTitle": "边界情况测试 float型精度丢失",
            "timedOut": false,
            "duration": 0,
            "state": "passed",
            "speed": "fast",
            "pass": true,
            "fail": false,
            "pending": false,
            "code": "equal(ca('0.1+0.2'), 0.3);",
            "err": {},
            "isRoot": false,
            "uuid": "59bd673c-4896-4e71-90cf-8a29afab6c74",
            "parentUUID": "990f3877-efe5-4e22-9e7a-6d4484064b48",
            "skipped": false
          },
          {
            "title": "空格不影响运算",
            "fullTitle": "边界情况测试 空格不影响运算",
            "timedOut": false,
            "duration": 0,
            "state": "passed",
            "speed": "fast",
            "pass": true,
            "fail": false,
            "pending": false,
            "code": "equal(ca('  0.1   +   0.5   '), 0.6);",
            "err": {},
            "isRoot": false,
            "uuid": "6b67cbfa-e861-48eb-8c85-ab6cb0809e12",
            "parentUUID": "990f3877-efe5-4e22-9e7a-6d4484064b48",
            "skipped": false
          },
          {
            "title": "连续幂运算",
            "fullTitle": "边界情况测试 连续幂运算",
            "timedOut": false,
            "duration": 0,
            "state": "passed",
            "speed": "fast",
            "pass": true,
            "fail": false,
            "pending": false,
            "code": "equal(ca('2^3^4'), Math.pow(Math.pow(2, 3), 4));",
            "err": {},
            "isRoot": false,
            "uuid": "eff1561e-03fc-41ea-9daa-d94e234b940e",
            "parentUUID": "990f3877-efe5-4e22-9e7a-6d4484064b48",
            "skipped": false
          },
          {
            "title": "嵌套幂运算",
            "fullTitle": "边界情况测试 嵌套幂运算",
            "timedOut": false,
            "duration": 0,
            "state": "passed",
            "speed": "fast",
            "pass": true,
            "fail": false,
            "pending": false,
            "code": "equal(ca('(2+1)^(3-1)^4'), Math.pow(Math.pow(2 + 1, 3 - 1), 4));",
            "err": {},
            "isRoot": false,
            "uuid": "761d6f2b-d6ed-4a81-acbd-aa383eb848fd",
            "parentUUID": "990f3877-efe5-4e22-9e7a-6d4484064b48",
            "skipped": false
          },
          {
            "title": "优先级问题",
            "fullTitle": "边界情况测试 优先级问题",
            "timedOut": false,
            "duration": 0,
            "state": "passed",
            "speed": "fast",
            "pass": true,
            "fail": false,
            "pending": false,
            "code": "equal(ca('1+(1+1)^2'), 5);",
            "err": {},
            "isRoot": false,
            "uuid": "dd2b6e20-4ce5-4cec-80cb-9db84a3ea8dd",
            "parentUUID": "990f3877-efe5-4e22-9e7a-6d4484064b48",
            "skipped": false
          }
        ],
        "pending": [],
        "root": false,
        "_timeout": 2000,
        "file": "\\test\\main.test.js",
        "uuid": "990f3877-efe5-4e22-9e7a-6d4484064b48",
        "fullFile": "F:\\300\\git\\IfeTask\\caculator\\caculator\\test\\main.test.js",
        "passes": [
          {
            "title": "float型精度丢失",
            "fullTitle": "边界情况测试 float型精度丢失",
            "timedOut": false,
            "duration": 0,
            "state": "passed",
            "speed": "fast",
            "pass": true,
            "fail": false,
            "pending": false,
            "code": "equal(ca('0.1+0.2'), 0.3);",
            "err": {},
            "isRoot": false,
            "uuid": "59bd673c-4896-4e71-90cf-8a29afab6c74",
            "parentUUID": "990f3877-efe5-4e22-9e7a-6d4484064b48",
            "skipped": false
          },
          {
            "title": "空格不影响运算",
            "fullTitle": "边界情况测试 空格不影响运算",
            "timedOut": false,
            "duration": 0,
            "state": "passed",
            "speed": "fast",
            "pass": true,
            "fail": false,
            "pending": false,
            "code": "equal(ca('  0.1   +   0.5   '), 0.6);",
            "err": {},
            "isRoot": false,
            "uuid": "6b67cbfa-e861-48eb-8c85-ab6cb0809e12",
            "parentUUID": "990f3877-efe5-4e22-9e7a-6d4484064b48",
            "skipped": false
          },
          {
            "title": "连续幂运算",
            "fullTitle": "边界情况测试 连续幂运算",
            "timedOut": false,
            "duration": 0,
            "state": "passed",
            "speed": "fast",
            "pass": true,
            "fail": false,
            "pending": false,
            "code": "equal(ca('2^3^4'), Math.pow(Math.pow(2, 3), 4));",
            "err": {},
            "isRoot": false,
            "uuid": "eff1561e-03fc-41ea-9daa-d94e234b940e",
            "parentUUID": "990f3877-efe5-4e22-9e7a-6d4484064b48",
            "skipped": false
          },
          {
            "title": "嵌套幂运算",
            "fullTitle": "边界情况测试 嵌套幂运算",
            "timedOut": false,
            "duration": 0,
            "state": "passed",
            "speed": "fast",
            "pass": true,
            "fail": false,
            "pending": false,
            "code": "equal(ca('(2+1)^(3-1)^4'), Math.pow(Math.pow(2 + 1, 3 - 1), 4));",
            "err": {},
            "isRoot": false,
            "uuid": "761d6f2b-d6ed-4a81-acbd-aa383eb848fd",
            "parentUUID": "990f3877-efe5-4e22-9e7a-6d4484064b48",
            "skipped": false
          },
          {
            "title": "优先级问题",
            "fullTitle": "边界情况测试 优先级问题",
            "timedOut": false,
            "duration": 0,
            "state": "passed",
            "speed": "fast",
            "pass": true,
            "fail": false,
            "pending": false,
            "code": "equal(ca('1+(1+1)^2'), 5);",
            "err": {},
            "isRoot": false,
            "uuid": "dd2b6e20-4ce5-4cec-80cb-9db84a3ea8dd",
            "parentUUID": "990f3877-efe5-4e22-9e7a-6d4484064b48",
            "skipped": false
          }
        ],
        "failures": [],
        "skipped": [],
        "hasTests": true,
        "hasSuites": false,
        "totalTests": 5,
        "totalPasses": 5,
        "totalFailures": 0,
        "totalPending": 0,
        "totalSkipped": 0,
        "hasPasses": true,
        "hasFailures": false,
        "hasPending": false,
        "hasSkipped": false,
        "duration": 0,
        "rootEmpty": false
      },
      {
        "title": "复杂情况",
        "suites": [],
        "tests": [
          {
            "title": "复合幂运算",
            "fullTitle": "复杂情况 复合幂运算",
            "timedOut": false,
            "duration": 0,
            "state": "passed",
            "speed": "fast",
            "pass": true,
            "fail": false,
            "pending": false,
            "code": "equal(ca('1 + 3 + 2^(3^2)'), 516);",
            "err": {},
            "isRoot": false,
            "uuid": "ae905213-b8d7-4c3d-85c8-3ff037d2198c",
            "parentUUID": "a2d7f77c-9b95-4aa2-8514-e06d607507e5",
            "skipped": false
          },
          {
            "title": "复合幂运算",
            "fullTitle": "复杂情况 复合幂运算",
            "timedOut": false,
            "duration": 0,
            "state": "passed",
            "speed": "fast",
            "pass": true,
            "fail": false,
            "pending": false,
            "code": "equal(ca('1 + 3 + sin(5 *(8 + 1))'), +(1 + 3 + Math.sin(5 * (8 + 1) * Math.PI / 180)).toFixed(15));",
            "err": {},
            "isRoot": false,
            "uuid": "45e5af59-b057-4a75-b66f-c10a6c5f28de",
            "parentUUID": "a2d7f77c-9b95-4aa2-8514-e06d607507e5",
            "skipped": false
          }
        ],
        "pending": [],
        "root": false,
        "_timeout": 2000,
        "file": "\\test\\main.test.js",
        "uuid": "a2d7f77c-9b95-4aa2-8514-e06d607507e5",
        "fullFile": "F:\\300\\git\\IfeTask\\caculator\\caculator\\test\\main.test.js",
        "passes": [
          {
            "title": "复合幂运算",
            "fullTitle": "复杂情况 复合幂运算",
            "timedOut": false,
            "duration": 0,
            "state": "passed",
            "speed": "fast",
            "pass": true,
            "fail": false,
            "pending": false,
            "code": "equal(ca('1 + 3 + 2^(3^2)'), 516);",
            "err": {},
            "isRoot": false,
            "uuid": "ae905213-b8d7-4c3d-85c8-3ff037d2198c",
            "parentUUID": "a2d7f77c-9b95-4aa2-8514-e06d607507e5",
            "skipped": false
          },
          {
            "title": "复合幂运算",
            "fullTitle": "复杂情况 复合幂运算",
            "timedOut": false,
            "duration": 0,
            "state": "passed",
            "speed": "fast",
            "pass": true,
            "fail": false,
            "pending": false,
            "code": "equal(ca('1 + 3 + sin(5 *(8 + 1))'), +(1 + 3 + Math.sin(5 * (8 + 1) * Math.PI / 180)).toFixed(15));",
            "err": {},
            "isRoot": false,
            "uuid": "45e5af59-b057-4a75-b66f-c10a6c5f28de",
            "parentUUID": "a2d7f77c-9b95-4aa2-8514-e06d607507e5",
            "skipped": false
          }
        ],
        "failures": [],
        "skipped": [],
        "hasTests": true,
        "hasSuites": false,
        "totalTests": 2,
        "totalPasses": 2,
        "totalFailures": 0,
        "totalPending": 0,
        "totalSkipped": 0,
        "hasPasses": true,
        "hasFailures": false,
        "hasPending": false,
        "hasSkipped": false,
        "duration": 0,
        "rootEmpty": false
      }
    ],
    "tests": [],
    "pending": [],
    "root": true,
    "_timeout": 2000,
    "uuid": "311c715a-e337-4960-b16d-4b039f69c808",
    "fullFile": "",
    "file": "",
    "passes": [],
    "failures": [],
    "skipped": [],
    "hasTests": false,
    "hasSuites": true,
    "totalTests": 0,
    "totalPasses": 0,
    "totalFailures": 0,
    "totalPending": 0,
    "totalSkipped": 0,
    "hasPasses": false,
    "hasFailures": false,
    "hasPending": false,
    "hasSkipped": false,
    "duration": 0,
    "rootEmpty": true
  },
  "allTests": [
    {
      "title": "加法",
      "fullTitle": "简单测试 加法",
      "timedOut": false,
      "duration": 0,
      "state": "passed",
      "speed": "fast",
      "pass": true,
      "fail": false,
      "pending": false,
      "code": "equal(ca('1+2'), 3);",
      "err": {},
      "isRoot": false,
      "uuid": "ef56e471-ed73-43f1-9dc0-32dce515bcd7",
      "parentUUID": "083042df-90b8-4e12-ba6b-9ed84ef35c3a",
      "skipped": false
    },
    {
      "title": "减法",
      "fullTitle": "简单测试 减法",
      "timedOut": false,
      "duration": 0,
      "state": "passed",
      "speed": "fast",
      "pass": true,
      "fail": false,
      "pending": false,
      "code": "equal(ca('1-2'), -1);",
      "err": {},
      "isRoot": false,
      "uuid": "9466e416-2eb0-49de-81c5-a1383e01dda6",
      "parentUUID": "083042df-90b8-4e12-ba6b-9ed84ef35c3a",
      "skipped": false
    },
    {
      "title": "乘法",
      "fullTitle": "简单测试 乘法",
      "timedOut": false,
      "duration": 0,
      "state": "passed",
      "speed": "fast",
      "pass": true,
      "fail": false,
      "pending": false,
      "code": "equal(ca('2*2'), 4);",
      "err": {},
      "isRoot": false,
      "uuid": "9aab82da-2570-4aba-b05c-733b2fef593b",
      "parentUUID": "083042df-90b8-4e12-ba6b-9ed84ef35c3a",
      "skipped": false
    },
    {
      "title": "除法",
      "fullTitle": "简单测试 除法",
      "timedOut": false,
      "duration": 0,
      "state": "passed",
      "speed": "fast",
      "pass": true,
      "fail": false,
      "pending": false,
      "code": "equal(ca('4/3'), +(4 / 3).toFixed(15));",
      "err": {},
      "isRoot": false,
      "uuid": "1880de2a-1425-4116-a1f6-1190ff87cbec",
      "parentUUID": "083042df-90b8-4e12-ba6b-9ed84ef35c3a",
      "skipped": false
    },
    {
      "title": "乘方",
      "fullTitle": "简单测试 乘方",
      "timedOut": false,
      "duration": 0,
      "state": "passed",
      "speed": "fast",
      "pass": true,
      "fail": false,
      "pending": false,
      "code": "equal(ca('2^3'), 8);",
      "err": {},
      "isRoot": false,
      "uuid": "9aa87ba2-cbcd-4efb-994c-dd3e6fe0fbc9",
      "parentUUID": "083042df-90b8-4e12-ba6b-9ed84ef35c3a",
      "skipped": false
    },
    {
      "title": "取余",
      "fullTitle": "简单测试 取余",
      "timedOut": false,
      "duration": 0,
      "state": "passed",
      "speed": "fast",
      "pass": true,
      "fail": false,
      "pending": false,
      "code": "equal(ca('3%2'), 1);",
      "err": {},
      "isRoot": false,
      "uuid": "88bb8989-10bf-48c7-b1fa-07dbd7182792",
      "parentUUID": "083042df-90b8-4e12-ba6b-9ed84ef35c3a",
      "skipped": false
    },
    {
      "title": "绝对值运算",
      "fullTitle": "简单测试 绝对值运算",
      "timedOut": false,
      "duration": 0,
      "state": "passed",
      "speed": "fast",
      "pass": true,
      "fail": false,
      "pending": false,
      "code": "equal(ca('abs(-1)'), 1);",
      "err": {},
      "isRoot": false,
      "uuid": "b2a940ed-5252-44cb-8508-fd27a0e91815",
      "parentUUID": "083042df-90b8-4e12-ba6b-9ed84ef35c3a",
      "skipped": false
    },
    {
      "title": "均值运算",
      "fullTitle": "简单测试 均值运算",
      "timedOut": false,
      "duration": 0,
      "state": "passed",
      "speed": "fast",
      "pass": true,
      "fail": false,
      "pending": false,
      "code": "equal(ca('avg(1,2)'), 1.5);",
      "err": {},
      "isRoot": false,
      "uuid": "65be0010-3278-4bd8-8af8-ddeeadc90ad5",
      "parentUUID": "083042df-90b8-4e12-ba6b-9ed84ef35c3a",
      "skipped": false
    },
    {
      "title": "正弦运算",
      "fullTitle": "简单测试 正弦运算",
      "timedOut": false,
      "duration": 0,
      "state": "passed",
      "speed": "fast",
      "pass": true,
      "fail": false,
      "pending": false,
      "code": "equal(ca('sin(30)'), 0.5);",
      "err": {},
      "isRoot": false,
      "uuid": "6d87d42a-6c9b-4653-b5fa-ec4dc69e6fc9",
      "parentUUID": "083042df-90b8-4e12-ba6b-9ed84ef35c3a",
      "skipped": false
    },
    {
      "title": "余弦运算",
      "fullTitle": "简单测试 余弦运算",
      "timedOut": false,
      "duration": 0,
      "state": "passed",
      "speed": "fast",
      "pass": true,
      "fail": false,
      "pending": false,
      "code": "equal(ca('cos(60)'), 0.5);",
      "err": {},
      "isRoot": false,
      "uuid": "35a8b96e-1e35-4b7d-a0f5-f3cfcca0807d",
      "parentUUID": "083042df-90b8-4e12-ba6b-9ed84ef35c3a",
      "skipped": false
    },
    {
      "title": "正切运算",
      "fullTitle": "简单测试 正切运算",
      "timedOut": false,
      "duration": 0,
      "state": "passed",
      "speed": "fast",
      "pass": true,
      "fail": false,
      "pending": false,
      "code": "equal(ca('tan(45)'), 1);",
      "err": {},
      "isRoot": false,
      "uuid": "70100416-6ede-4250-b095-9602b7e1772e",
      "parentUUID": "083042df-90b8-4e12-ba6b-9ed84ef35c3a",
      "skipped": false
    },
    {
      "title": "余切运算",
      "fullTitle": "简单测试 余切运算",
      "timedOut": false,
      "duration": 0,
      "state": "passed",
      "speed": "fast",
      "pass": true,
      "fail": false,
      "pending": false,
      "code": "equal(ca('cot(45)'), 1);",
      "err": {},
      "isRoot": false,
      "uuid": "306e8e6d-4cc0-4912-a979-7e9f187f368b",
      "parentUUID": "083042df-90b8-4e12-ba6b-9ed84ef35c3a",
      "skipped": false
    },
    {
      "title": "log底对数运算",
      "fullTitle": "简单测试 log底对数运算",
      "timedOut": false,
      "duration": 0,
      "state": "passed",
      "speed": "fast",
      "pass": true,
      "fail": false,
      "pending": false,
      "code": "equal(ca('log(100)'), 2);",
      "err": {},
      "isRoot": false,
      "uuid": "688ce4e5-afcf-4e07-8028-012303a52692",
      "parentUUID": "083042df-90b8-4e12-ba6b-9ed84ef35c3a",
      "skipped": false
    },
    {
      "title": "ln自然对数",
      "fullTitle": "简单测试 ln自然对数",
      "timedOut": false,
      "duration": 0,
      "state": "passed",
      "speed": "fast",
      "pass": true,
      "fail": false,
      "pending": false,
      "code": "equal(ca('ln(100)'), Math.log(100));",
      "err": {},
      "isRoot": false,
      "uuid": "b6529b7b-be7f-4c62-af60-db5ca720f55f",
      "parentUUID": "083042df-90b8-4e12-ba6b-9ed84ef35c3a",
      "skipped": false
    },
    {
      "title": "e自然常量",
      "fullTitle": "简单测试 e自然常量",
      "timedOut": false,
      "duration": 0,
      "state": "passed",
      "speed": "fast",
      "pass": true,
      "fail": false,
      "pending": false,
      "code": "equal(ca('e'), Math.E);",
      "err": {},
      "isRoot": false,
      "uuid": "3bfbfb6a-08c6-436b-92ba-c6895cb4a704",
      "parentUUID": "083042df-90b8-4e12-ba6b-9ed84ef35c3a",
      "skipped": false
    },
    {
      "title": "π自然常量",
      "fullTitle": "简单测试 π自然常量",
      "timedOut": false,
      "duration": 0,
      "state": "passed",
      "speed": "fast",
      "pass": true,
      "fail": false,
      "pending": false,
      "code": "equal(ca('π'), Math.PI);",
      "err": {},
      "isRoot": false,
      "uuid": "2ead8fa8-35fa-4e23-ba11-d9bd4d722fec",
      "parentUUID": "083042df-90b8-4e12-ba6b-9ed84ef35c3a",
      "skipped": false
    },
    {
      "title": "int型加法运算",
      "fullTitle": "复合测试 int型加法运算",
      "timedOut": false,
      "duration": 0,
      "state": "passed",
      "speed": "fast",
      "pass": true,
      "fail": false,
      "pending": false,
      "code": "var num1, num2;\nfor (var i = 0; i < 10; i++) {\n\tnum1 = Math.random() * 1000 | 0;\n\tnum2 = Math.random() * 1000 | 0;\n\tequal(ca(' ' + num1 + ' + ' + num2 + ' '), +(num1 + num2).toFixed(15));\n}",
      "err": {},
      "isRoot": false,
      "uuid": "4a234cce-2700-4025-ad6e-edf1761d26ee",
      "parentUUID": "c426d257-6d62-40b8-ba43-88620aae5644",
      "skipped": false
    },
    {
      "title": "float型加法运算",
      "fullTitle": "复合测试 float型加法运算",
      "timedOut": false,
      "duration": 0,
      "state": "passed",
      "speed": "fast",
      "pass": true,
      "fail": false,
      "pending": false,
      "code": "var num1, num2;\nfor (var i = 0; i < 10; i++) {\n\tnum1 = Math.random();\n\tnum2 = Math.random();\n\tequal(ca(' ' + num1 + ' + ' + num2 + ' '), +(num1 + num2).toFixed(15));\n}",
      "err": {},
      "isRoot": false,
      "uuid": "8b419712-335b-4fa6-b21b-42af562c3cd8",
      "parentUUID": "c426d257-6d62-40b8-ba43-88620aae5644",
      "skipped": false
    },
    {
      "title": "float型与int形混合加法运算",
      "fullTitle": "复合测试 float型与int形混合加法运算",
      "timedOut": false,
      "duration": 0,
      "state": "passed",
      "speed": "fast",
      "pass": true,
      "fail": false,
      "pending": false,
      "code": "var num1 = Math.random(),\n    num2 = Math.random() / Math.random() | 0;\nfor (var i = 0; i < 20; i++) {\n\tequal(ca(num1 + '+' + num2), +(num1 + num2).toFixed(15));\n}",
      "err": {},
      "isRoot": false,
      "uuid": "cca91b57-2257-4b18-8df5-151708692d3e",
      "parentUUID": "c426d257-6d62-40b8-ba43-88620aae5644",
      "skipped": false
    },
    {
      "title": "连续整形加法运算",
      "fullTitle": "复合测试 连续整形加法运算",
      "timedOut": false,
      "duration": 0,
      "state": "passed",
      "speed": "fast",
      "pass": true,
      "fail": false,
      "pending": false,
      "code": "var arr;\nfor (var i = 0; i < 10; i++) {\n\tarr = new Array(Math.random() * 10 | 0).fill(Math.random());\n}",
      "err": {},
      "isRoot": false,
      "uuid": "b70eba95-c9fe-4181-8605-07e389dbe5d0",
      "parentUUID": "c426d257-6d62-40b8-ba43-88620aae5644",
      "skipped": false
    },
    {
      "title": "加减乘除余综合运算",
      "fullTitle": "复合测试 加减乘除余综合运算",
      "timedOut": false,
      "duration": 0,
      "state": "passed",
      "speed": "fast",
      "pass": true,
      "fail": false,
      "pending": false,
      "code": "equal(ca('1+2*3-4/4'), 6);\nequal(ca('5*4-3+6*3%2'), 5 * 4 - 3 + 6 * 3 % 2);\nequal(ca('9.2*3%3-3*5*3-3-9+5/3'), 9.2 * 3 % 3 - 3 * 5 * 3 - 3 - 9 + 5 / 3);\nequal(ca('6*5/32*3-1*3+2*4%3'), 6 * 5 / 32 * 3 - 1 * 3 + 2 * 4 % 3);\nequal(ca('2.32*2.12/32.33+1'), +(2.32 * 2.12 / 32.33 + 1).toFixed(15));",
      "err": {},
      "isRoot": false,
      "uuid": "8131ae5e-f018-47dd-8543-291f368e2d30",
      "parentUUID": "c426d257-6d62-40b8-ba43-88620aae5644",
      "skipped": false
    },
    {
      "title": "加减乘除余幂综合运算",
      "fullTitle": "复合测试 加减乘除余幂综合运算",
      "timedOut": false,
      "duration": 0,
      "state": "passed",
      "speed": "fast",
      "pass": true,
      "fail": false,
      "pending": false,
      "code": "equal(ca('1^2+2*3-4/4'), 6);\nequal(ca('5*4-3+6*3%2^2'), 5 * 4 - 3 + 6 * 3 % Math.pow(2, 2));\nequal(ca('9.2*3%3-3*5*3^2-3-9+5/3'), 9.2 * 3 % 3 - 3 * 5 * Math.pow(3, 2) - 3 - 9 + 5 / 3);\nequal(ca('6*5/32*3-1^3*3+2*4%3'), 6 * 5 / 32 * 3 - 1 * 3 + 2 * 4 % 3);\nequal(ca('2.32^4*2.12/32.33+1'), +(Math.pow(2.32, 4) * 2.12 / 32.33 + 1).toFixed(15));",
      "err": {},
      "isRoot": false,
      "uuid": "527b35df-985e-4578-94a0-4ccbd7f3d009",
      "parentUUID": "c426d257-6d62-40b8-ba43-88620aae5644",
      "skipped": false
    },
    {
      "title": " 简单常量",
      "fullTitle": "常量测试  简单常量",
      "timedOut": false,
      "duration": 0,
      "state": "passed",
      "speed": "fast",
      "pass": true,
      "fail": false,
      "pending": false,
      "code": "equal(ca('e+1'), +(Math.E + 1).toFixed(15));",
      "err": {},
      "isRoot": false,
      "uuid": "35f7de57-9d62-42ae-bc5c-99359241cd6b",
      "parentUUID": "5b39ca95-b9a4-41f6-9ef7-7341c554509c",
      "skipped": false
    },
    {
      "title": " 复合常量",
      "fullTitle": "常量测试  复合常量",
      "timedOut": false,
      "duration": 0,
      "state": "passed",
      "speed": "fast",
      "pass": true,
      "fail": false,
      "pending": false,
      "code": "equal(ca('π*e+1'), +(Math.PI * Math.E + 1).toFixed(15));",
      "err": {},
      "isRoot": false,
      "uuid": "16349941-b624-4055-85a7-321371aae0af",
      "parentUUID": "5b39ca95-b9a4-41f6-9ef7-7341c554509c",
      "skipped": false
    },
    {
      "title": " 简单方法",
      "fullTitle": "方法测试  简单方法",
      "timedOut": false,
      "duration": 0,
      "state": "passed",
      "speed": "fast",
      "pass": true,
      "fail": false,
      "pending": false,
      "code": "equal(ca('pow(2,3) + pow(2,3)'), Math.pow(2, 3) + Math.pow(2, 3));",
      "err": {},
      "isRoot": false,
      "uuid": "b82d6d25-ac80-44cd-9f48-90445261d804",
      "parentUUID": "3187905f-f283-440a-b0aa-bc3960c9064b",
      "skipped": false
    },
    {
      "title": "嵌套方法",
      "fullTitle": "方法测试 嵌套方法",
      "timedOut": false,
      "duration": 0,
      "state": "passed",
      "speed": "fast",
      "pass": true,
      "fail": false,
      "pending": false,
      "code": "equal(ca('pow(pow(2,3),3)'), Math.pow(Math.pow(2, 3), 3));",
      "err": {},
      "isRoot": false,
      "uuid": "aa47a383-fcfc-49a3-bc4a-fb73e67113e6",
      "parentUUID": "3187905f-f283-440a-b0aa-bc3960c9064b",
      "skipped": false
    },
    {
      "title": "float型精度丢失",
      "fullTitle": "边界情况测试 float型精度丢失",
      "timedOut": false,
      "duration": 0,
      "state": "passed",
      "speed": "fast",
      "pass": true,
      "fail": false,
      "pending": false,
      "code": "equal(ca('0.1+0.2'), 0.3);",
      "err": {},
      "isRoot": false,
      "uuid": "59bd673c-4896-4e71-90cf-8a29afab6c74",
      "parentUUID": "990f3877-efe5-4e22-9e7a-6d4484064b48",
      "skipped": false
    },
    {
      "title": "空格不影响运算",
      "fullTitle": "边界情况测试 空格不影响运算",
      "timedOut": false,
      "duration": 0,
      "state": "passed",
      "speed": "fast",
      "pass": true,
      "fail": false,
      "pending": false,
      "code": "equal(ca('  0.1   +   0.5   '), 0.6);",
      "err": {},
      "isRoot": false,
      "uuid": "6b67cbfa-e861-48eb-8c85-ab6cb0809e12",
      "parentUUID": "990f3877-efe5-4e22-9e7a-6d4484064b48",
      "skipped": false
    },
    {
      "title": "连续幂运算",
      "fullTitle": "边界情况测试 连续幂运算",
      "timedOut": false,
      "duration": 0,
      "state": "passed",
      "speed": "fast",
      "pass": true,
      "fail": false,
      "pending": false,
      "code": "equal(ca('2^3^4'), Math.pow(Math.pow(2, 3), 4));",
      "err": {},
      "isRoot": false,
      "uuid": "eff1561e-03fc-41ea-9daa-d94e234b940e",
      "parentUUID": "990f3877-efe5-4e22-9e7a-6d4484064b48",
      "skipped": false
    },
    {
      "title": "嵌套幂运算",
      "fullTitle": "边界情况测试 嵌套幂运算",
      "timedOut": false,
      "duration": 0,
      "state": "passed",
      "speed": "fast",
      "pass": true,
      "fail": false,
      "pending": false,
      "code": "equal(ca('(2+1)^(3-1)^4'), Math.pow(Math.pow(2 + 1, 3 - 1), 4));",
      "err": {},
      "isRoot": false,
      "uuid": "761d6f2b-d6ed-4a81-acbd-aa383eb848fd",
      "parentUUID": "990f3877-efe5-4e22-9e7a-6d4484064b48",
      "skipped": false
    },
    {
      "title": "优先级问题",
      "fullTitle": "边界情况测试 优先级问题",
      "timedOut": false,
      "duration": 0,
      "state": "passed",
      "speed": "fast",
      "pass": true,
      "fail": false,
      "pending": false,
      "code": "equal(ca('1+(1+1)^2'), 5);",
      "err": {},
      "isRoot": false,
      "uuid": "dd2b6e20-4ce5-4cec-80cb-9db84a3ea8dd",
      "parentUUID": "990f3877-efe5-4e22-9e7a-6d4484064b48",
      "skipped": false
    },
    {
      "title": "复合幂运算",
      "fullTitle": "复杂情况 复合幂运算",
      "timedOut": false,
      "duration": 0,
      "state": "passed",
      "speed": "fast",
      "pass": true,
      "fail": false,
      "pending": false,
      "code": "equal(ca('1 + 3 + 2^(3^2)'), 516);",
      "err": {},
      "isRoot": false,
      "uuid": "ae905213-b8d7-4c3d-85c8-3ff037d2198c",
      "parentUUID": "a2d7f77c-9b95-4aa2-8514-e06d607507e5",
      "skipped": false
    },
    {
      "title": "复合幂运算",
      "fullTitle": "复杂情况 复合幂运算",
      "timedOut": false,
      "duration": 0,
      "state": "passed",
      "speed": "fast",
      "pass": true,
      "fail": false,
      "pending": false,
      "code": "equal(ca('1 + 3 + sin(5 *(8 + 1))'), +(1 + 3 + Math.sin(5 * (8 + 1) * Math.PI / 180)).toFixed(15));",
      "err": {},
      "isRoot": false,
      "uuid": "45e5af59-b057-4a75-b66f-c10a6c5f28de",
      "parentUUID": "a2d7f77c-9b95-4aa2-8514-e06d607507e5",
      "skipped": false
    }
  ],
  "allPending": [],
  "allPasses": [
    {
      "title": "加法",
      "fullTitle": "简单测试 加法",
      "timedOut": false,
      "duration": 0,
      "state": "passed",
      "speed": "fast",
      "pass": true,
      "fail": false,
      "pending": false,
      "code": "equal(ca('1+2'), 3);",
      "err": {},
      "isRoot": false,
      "uuid": "ef56e471-ed73-43f1-9dc0-32dce515bcd7",
      "parentUUID": "083042df-90b8-4e12-ba6b-9ed84ef35c3a",
      "skipped": false
    },
    {
      "title": "减法",
      "fullTitle": "简单测试 减法",
      "timedOut": false,
      "duration": 0,
      "state": "passed",
      "speed": "fast",
      "pass": true,
      "fail": false,
      "pending": false,
      "code": "equal(ca('1-2'), -1);",
      "err": {},
      "isRoot": false,
      "uuid": "9466e416-2eb0-49de-81c5-a1383e01dda6",
      "parentUUID": "083042df-90b8-4e12-ba6b-9ed84ef35c3a",
      "skipped": false
    },
    {
      "title": "乘法",
      "fullTitle": "简单测试 乘法",
      "timedOut": false,
      "duration": 0,
      "state": "passed",
      "speed": "fast",
      "pass": true,
      "fail": false,
      "pending": false,
      "code": "equal(ca('2*2'), 4);",
      "err": {},
      "isRoot": false,
      "uuid": "9aab82da-2570-4aba-b05c-733b2fef593b",
      "parentUUID": "083042df-90b8-4e12-ba6b-9ed84ef35c3a",
      "skipped": false
    },
    {
      "title": "除法",
      "fullTitle": "简单测试 除法",
      "timedOut": false,
      "duration": 0,
      "state": "passed",
      "speed": "fast",
      "pass": true,
      "fail": false,
      "pending": false,
      "code": "equal(ca('4/3'), +(4 / 3).toFixed(15));",
      "err": {},
      "isRoot": false,
      "uuid": "1880de2a-1425-4116-a1f6-1190ff87cbec",
      "parentUUID": "083042df-90b8-4e12-ba6b-9ed84ef35c3a",
      "skipped": false
    },
    {
      "title": "乘方",
      "fullTitle": "简单测试 乘方",
      "timedOut": false,
      "duration": 0,
      "state": "passed",
      "speed": "fast",
      "pass": true,
      "fail": false,
      "pending": false,
      "code": "equal(ca('2^3'), 8);",
      "err": {},
      "isRoot": false,
      "uuid": "9aa87ba2-cbcd-4efb-994c-dd3e6fe0fbc9",
      "parentUUID": "083042df-90b8-4e12-ba6b-9ed84ef35c3a",
      "skipped": false
    },
    {
      "title": "取余",
      "fullTitle": "简单测试 取余",
      "timedOut": false,
      "duration": 0,
      "state": "passed",
      "speed": "fast",
      "pass": true,
      "fail": false,
      "pending": false,
      "code": "equal(ca('3%2'), 1);",
      "err": {},
      "isRoot": false,
      "uuid": "88bb8989-10bf-48c7-b1fa-07dbd7182792",
      "parentUUID": "083042df-90b8-4e12-ba6b-9ed84ef35c3a",
      "skipped": false
    },
    {
      "title": "绝对值运算",
      "fullTitle": "简单测试 绝对值运算",
      "timedOut": false,
      "duration": 0,
      "state": "passed",
      "speed": "fast",
      "pass": true,
      "fail": false,
      "pending": false,
      "code": "equal(ca('abs(-1)'), 1);",
      "err": {},
      "isRoot": false,
      "uuid": "b2a940ed-5252-44cb-8508-fd27a0e91815",
      "parentUUID": "083042df-90b8-4e12-ba6b-9ed84ef35c3a",
      "skipped": false
    },
    {
      "title": "均值运算",
      "fullTitle": "简单测试 均值运算",
      "timedOut": false,
      "duration": 0,
      "state": "passed",
      "speed": "fast",
      "pass": true,
      "fail": false,
      "pending": false,
      "code": "equal(ca('avg(1,2)'), 1.5);",
      "err": {},
      "isRoot": false,
      "uuid": "65be0010-3278-4bd8-8af8-ddeeadc90ad5",
      "parentUUID": "083042df-90b8-4e12-ba6b-9ed84ef35c3a",
      "skipped": false
    },
    {
      "title": "正弦运算",
      "fullTitle": "简单测试 正弦运算",
      "timedOut": false,
      "duration": 0,
      "state": "passed",
      "speed": "fast",
      "pass": true,
      "fail": false,
      "pending": false,
      "code": "equal(ca('sin(30)'), 0.5);",
      "err": {},
      "isRoot": false,
      "uuid": "6d87d42a-6c9b-4653-b5fa-ec4dc69e6fc9",
      "parentUUID": "083042df-90b8-4e12-ba6b-9ed84ef35c3a",
      "skipped": false
    },
    {
      "title": "余弦运算",
      "fullTitle": "简单测试 余弦运算",
      "timedOut": false,
      "duration": 0,
      "state": "passed",
      "speed": "fast",
      "pass": true,
      "fail": false,
      "pending": false,
      "code": "equal(ca('cos(60)'), 0.5);",
      "err": {},
      "isRoot": false,
      "uuid": "35a8b96e-1e35-4b7d-a0f5-f3cfcca0807d",
      "parentUUID": "083042df-90b8-4e12-ba6b-9ed84ef35c3a",
      "skipped": false
    },
    {
      "title": "正切运算",
      "fullTitle": "简单测试 正切运算",
      "timedOut": false,
      "duration": 0,
      "state": "passed",
      "speed": "fast",
      "pass": true,
      "fail": false,
      "pending": false,
      "code": "equal(ca('tan(45)'), 1);",
      "err": {},
      "isRoot": false,
      "uuid": "70100416-6ede-4250-b095-9602b7e1772e",
      "parentUUID": "083042df-90b8-4e12-ba6b-9ed84ef35c3a",
      "skipped": false
    },
    {
      "title": "余切运算",
      "fullTitle": "简单测试 余切运算",
      "timedOut": false,
      "duration": 0,
      "state": "passed",
      "speed": "fast",
      "pass": true,
      "fail": false,
      "pending": false,
      "code": "equal(ca('cot(45)'), 1);",
      "err": {},
      "isRoot": false,
      "uuid": "306e8e6d-4cc0-4912-a979-7e9f187f368b",
      "parentUUID": "083042df-90b8-4e12-ba6b-9ed84ef35c3a",
      "skipped": false
    },
    {
      "title": "log底对数运算",
      "fullTitle": "简单测试 log底对数运算",
      "timedOut": false,
      "duration": 0,
      "state": "passed",
      "speed": "fast",
      "pass": true,
      "fail": false,
      "pending": false,
      "code": "equal(ca('log(100)'), 2);",
      "err": {},
      "isRoot": false,
      "uuid": "688ce4e5-afcf-4e07-8028-012303a52692",
      "parentUUID": "083042df-90b8-4e12-ba6b-9ed84ef35c3a",
      "skipped": false
    },
    {
      "title": "ln自然对数",
      "fullTitle": "简单测试 ln自然对数",
      "timedOut": false,
      "duration": 0,
      "state": "passed",
      "speed": "fast",
      "pass": true,
      "fail": false,
      "pending": false,
      "code": "equal(ca('ln(100)'), Math.log(100));",
      "err": {},
      "isRoot": false,
      "uuid": "b6529b7b-be7f-4c62-af60-db5ca720f55f",
      "parentUUID": "083042df-90b8-4e12-ba6b-9ed84ef35c3a",
      "skipped": false
    },
    {
      "title": "e自然常量",
      "fullTitle": "简单测试 e自然常量",
      "timedOut": false,
      "duration": 0,
      "state": "passed",
      "speed": "fast",
      "pass": true,
      "fail": false,
      "pending": false,
      "code": "equal(ca('e'), Math.E);",
      "err": {},
      "isRoot": false,
      "uuid": "3bfbfb6a-08c6-436b-92ba-c6895cb4a704",
      "parentUUID": "083042df-90b8-4e12-ba6b-9ed84ef35c3a",
      "skipped": false
    },
    {
      "title": "π自然常量",
      "fullTitle": "简单测试 π自然常量",
      "timedOut": false,
      "duration": 0,
      "state": "passed",
      "speed": "fast",
      "pass": true,
      "fail": false,
      "pending": false,
      "code": "equal(ca('π'), Math.PI);",
      "err": {},
      "isRoot": false,
      "uuid": "2ead8fa8-35fa-4e23-ba11-d9bd4d722fec",
      "parentUUID": "083042df-90b8-4e12-ba6b-9ed84ef35c3a",
      "skipped": false
    },
    {
      "title": "int型加法运算",
      "fullTitle": "复合测试 int型加法运算",
      "timedOut": false,
      "duration": 0,
      "state": "passed",
      "speed": "fast",
      "pass": true,
      "fail": false,
      "pending": false,
      "code": "var num1, num2;\nfor (var i = 0; i < 10; i++) {\n\tnum1 = Math.random() * 1000 | 0;\n\tnum2 = Math.random() * 1000 | 0;\n\tequal(ca(' ' + num1 + ' + ' + num2 + ' '), +(num1 + num2).toFixed(15));\n}",
      "err": {},
      "isRoot": false,
      "uuid": "4a234cce-2700-4025-ad6e-edf1761d26ee",
      "parentUUID": "c426d257-6d62-40b8-ba43-88620aae5644",
      "skipped": false
    },
    {
      "title": "float型加法运算",
      "fullTitle": "复合测试 float型加法运算",
      "timedOut": false,
      "duration": 0,
      "state": "passed",
      "speed": "fast",
      "pass": true,
      "fail": false,
      "pending": false,
      "code": "var num1, num2;\nfor (var i = 0; i < 10; i++) {\n\tnum1 = Math.random();\n\tnum2 = Math.random();\n\tequal(ca(' ' + num1 + ' + ' + num2 + ' '), +(num1 + num2).toFixed(15));\n}",
      "err": {},
      "isRoot": false,
      "uuid": "8b419712-335b-4fa6-b21b-42af562c3cd8",
      "parentUUID": "c426d257-6d62-40b8-ba43-88620aae5644",
      "skipped": false
    },
    {
      "title": "float型与int形混合加法运算",
      "fullTitle": "复合测试 float型与int形混合加法运算",
      "timedOut": false,
      "duration": 0,
      "state": "passed",
      "speed": "fast",
      "pass": true,
      "fail": false,
      "pending": false,
      "code": "var num1 = Math.random(),\n    num2 = Math.random() / Math.random() | 0;\nfor (var i = 0; i < 20; i++) {\n\tequal(ca(num1 + '+' + num2), +(num1 + num2).toFixed(15));\n}",
      "err": {},
      "isRoot": false,
      "uuid": "cca91b57-2257-4b18-8df5-151708692d3e",
      "parentUUID": "c426d257-6d62-40b8-ba43-88620aae5644",
      "skipped": false
    },
    {
      "title": "连续整形加法运算",
      "fullTitle": "复合测试 连续整形加法运算",
      "timedOut": false,
      "duration": 0,
      "state": "passed",
      "speed": "fast",
      "pass": true,
      "fail": false,
      "pending": false,
      "code": "var arr;\nfor (var i = 0; i < 10; i++) {\n\tarr = new Array(Math.random() * 10 | 0).fill(Math.random());\n}",
      "err": {},
      "isRoot": false,
      "uuid": "b70eba95-c9fe-4181-8605-07e389dbe5d0",
      "parentUUID": "c426d257-6d62-40b8-ba43-88620aae5644",
      "skipped": false
    },
    {
      "title": "加减乘除余综合运算",
      "fullTitle": "复合测试 加减乘除余综合运算",
      "timedOut": false,
      "duration": 0,
      "state": "passed",
      "speed": "fast",
      "pass": true,
      "fail": false,
      "pending": false,
      "code": "equal(ca('1+2*3-4/4'), 6);\nequal(ca('5*4-3+6*3%2'), 5 * 4 - 3 + 6 * 3 % 2);\nequal(ca('9.2*3%3-3*5*3-3-9+5/3'), 9.2 * 3 % 3 - 3 * 5 * 3 - 3 - 9 + 5 / 3);\nequal(ca('6*5/32*3-1*3+2*4%3'), 6 * 5 / 32 * 3 - 1 * 3 + 2 * 4 % 3);\nequal(ca('2.32*2.12/32.33+1'), +(2.32 * 2.12 / 32.33 + 1).toFixed(15));",
      "err": {},
      "isRoot": false,
      "uuid": "8131ae5e-f018-47dd-8543-291f368e2d30",
      "parentUUID": "c426d257-6d62-40b8-ba43-88620aae5644",
      "skipped": false
    },
    {
      "title": "加减乘除余幂综合运算",
      "fullTitle": "复合测试 加减乘除余幂综合运算",
      "timedOut": false,
      "duration": 0,
      "state": "passed",
      "speed": "fast",
      "pass": true,
      "fail": false,
      "pending": false,
      "code": "equal(ca('1^2+2*3-4/4'), 6);\nequal(ca('5*4-3+6*3%2^2'), 5 * 4 - 3 + 6 * 3 % Math.pow(2, 2));\nequal(ca('9.2*3%3-3*5*3^2-3-9+5/3'), 9.2 * 3 % 3 - 3 * 5 * Math.pow(3, 2) - 3 - 9 + 5 / 3);\nequal(ca('6*5/32*3-1^3*3+2*4%3'), 6 * 5 / 32 * 3 - 1 * 3 + 2 * 4 % 3);\nequal(ca('2.32^4*2.12/32.33+1'), +(Math.pow(2.32, 4) * 2.12 / 32.33 + 1).toFixed(15));",
      "err": {},
      "isRoot": false,
      "uuid": "527b35df-985e-4578-94a0-4ccbd7f3d009",
      "parentUUID": "c426d257-6d62-40b8-ba43-88620aae5644",
      "skipped": false
    },
    {
      "title": " 简单常量",
      "fullTitle": "常量测试  简单常量",
      "timedOut": false,
      "duration": 0,
      "state": "passed",
      "speed": "fast",
      "pass": true,
      "fail": false,
      "pending": false,
      "code": "equal(ca('e+1'), +(Math.E + 1).toFixed(15));",
      "err": {},
      "isRoot": false,
      "uuid": "35f7de57-9d62-42ae-bc5c-99359241cd6b",
      "parentUUID": "5b39ca95-b9a4-41f6-9ef7-7341c554509c",
      "skipped": false
    },
    {
      "title": " 复合常量",
      "fullTitle": "常量测试  复合常量",
      "timedOut": false,
      "duration": 0,
      "state": "passed",
      "speed": "fast",
      "pass": true,
      "fail": false,
      "pending": false,
      "code": "equal(ca('π*e+1'), +(Math.PI * Math.E + 1).toFixed(15));",
      "err": {},
      "isRoot": false,
      "uuid": "16349941-b624-4055-85a7-321371aae0af",
      "parentUUID": "5b39ca95-b9a4-41f6-9ef7-7341c554509c",
      "skipped": false
    },
    {
      "title": " 简单方法",
      "fullTitle": "方法测试  简单方法",
      "timedOut": false,
      "duration": 0,
      "state": "passed",
      "speed": "fast",
      "pass": true,
      "fail": false,
      "pending": false,
      "code": "equal(ca('pow(2,3) + pow(2,3)'), Math.pow(2, 3) + Math.pow(2, 3));",
      "err": {},
      "isRoot": false,
      "uuid": "b82d6d25-ac80-44cd-9f48-90445261d804",
      "parentUUID": "3187905f-f283-440a-b0aa-bc3960c9064b",
      "skipped": false
    },
    {
      "title": "嵌套方法",
      "fullTitle": "方法测试 嵌套方法",
      "timedOut": false,
      "duration": 0,
      "state": "passed",
      "speed": "fast",
      "pass": true,
      "fail": false,
      "pending": false,
      "code": "equal(ca('pow(pow(2,3),3)'), Math.pow(Math.pow(2, 3), 3));",
      "err": {},
      "isRoot": false,
      "uuid": "aa47a383-fcfc-49a3-bc4a-fb73e67113e6",
      "parentUUID": "3187905f-f283-440a-b0aa-bc3960c9064b",
      "skipped": false
    },
    {
      "title": "float型精度丢失",
      "fullTitle": "边界情况测试 float型精度丢失",
      "timedOut": false,
      "duration": 0,
      "state": "passed",
      "speed": "fast",
      "pass": true,
      "fail": false,
      "pending": false,
      "code": "equal(ca('0.1+0.2'), 0.3);",
      "err": {},
      "isRoot": false,
      "uuid": "59bd673c-4896-4e71-90cf-8a29afab6c74",
      "parentUUID": "990f3877-efe5-4e22-9e7a-6d4484064b48",
      "skipped": false
    },
    {
      "title": "空格不影响运算",
      "fullTitle": "边界情况测试 空格不影响运算",
      "timedOut": false,
      "duration": 0,
      "state": "passed",
      "speed": "fast",
      "pass": true,
      "fail": false,
      "pending": false,
      "code": "equal(ca('  0.1   +   0.5   '), 0.6);",
      "err": {},
      "isRoot": false,
      "uuid": "6b67cbfa-e861-48eb-8c85-ab6cb0809e12",
      "parentUUID": "990f3877-efe5-4e22-9e7a-6d4484064b48",
      "skipped": false
    },
    {
      "title": "连续幂运算",
      "fullTitle": "边界情况测试 连续幂运算",
      "timedOut": false,
      "duration": 0,
      "state": "passed",
      "speed": "fast",
      "pass": true,
      "fail": false,
      "pending": false,
      "code": "equal(ca('2^3^4'), Math.pow(Math.pow(2, 3), 4));",
      "err": {},
      "isRoot": false,
      "uuid": "eff1561e-03fc-41ea-9daa-d94e234b940e",
      "parentUUID": "990f3877-efe5-4e22-9e7a-6d4484064b48",
      "skipped": false
    },
    {
      "title": "嵌套幂运算",
      "fullTitle": "边界情况测试 嵌套幂运算",
      "timedOut": false,
      "duration": 0,
      "state": "passed",
      "speed": "fast",
      "pass": true,
      "fail": false,
      "pending": false,
      "code": "equal(ca('(2+1)^(3-1)^4'), Math.pow(Math.pow(2 + 1, 3 - 1), 4));",
      "err": {},
      "isRoot": false,
      "uuid": "761d6f2b-d6ed-4a81-acbd-aa383eb848fd",
      "parentUUID": "990f3877-efe5-4e22-9e7a-6d4484064b48",
      "skipped": false
    },
    {
      "title": "优先级问题",
      "fullTitle": "边界情况测试 优先级问题",
      "timedOut": false,
      "duration": 0,
      "state": "passed",
      "speed": "fast",
      "pass": true,
      "fail": false,
      "pending": false,
      "code": "equal(ca('1+(1+1)^2'), 5);",
      "err": {},
      "isRoot": false,
      "uuid": "dd2b6e20-4ce5-4cec-80cb-9db84a3ea8dd",
      "parentUUID": "990f3877-efe5-4e22-9e7a-6d4484064b48",
      "skipped": false
    },
    {
      "title": "复合幂运算",
      "fullTitle": "复杂情况 复合幂运算",
      "timedOut": false,
      "duration": 0,
      "state": "passed",
      "speed": "fast",
      "pass": true,
      "fail": false,
      "pending": false,
      "code": "equal(ca('1 + 3 + 2^(3^2)'), 516);",
      "err": {},
      "isRoot": false,
      "uuid": "ae905213-b8d7-4c3d-85c8-3ff037d2198c",
      "parentUUID": "a2d7f77c-9b95-4aa2-8514-e06d607507e5",
      "skipped": false
    },
    {
      "title": "复合幂运算",
      "fullTitle": "复杂情况 复合幂运算",
      "timedOut": false,
      "duration": 0,
      "state": "passed",
      "speed": "fast",
      "pass": true,
      "fail": false,
      "pending": false,
      "code": "equal(ca('1 + 3 + sin(5 *(8 + 1))'), +(1 + 3 + Math.sin(5 * (8 + 1) * Math.PI / 180)).toFixed(15));",
      "err": {},
      "isRoot": false,
      "uuid": "45e5af59-b057-4a75-b66f-c10a6c5f28de",
      "parentUUID": "a2d7f77c-9b95-4aa2-8514-e06d607507e5",
      "skipped": false
    }
  ],
  "allFailures": [],
  "copyrightYear": 2017
}